mode: set
make-backend/internal/database/setup.go:13.33,15.16 2 0
make-backend/internal/database/setup.go:15.16,17.3 1 0
make-backend/internal/database/setup.go:18.2,19.16 2 0
make-backend/internal/database/setup.go:19.16,21.3 1 0
make-backend/internal/database/setup.go:22.2,22.16 1 0
make-backend/internal/database/setup.go:25.34,32.16 4 0
make-backend/internal/database/setup.go:32.16,34.3 1 0
make-backend/internal/database/setup.go:36.2,36.34 1 0
make-backend/internal/database/setup.go:36.34,38.3 1 0
make-backend/internal/database/setup.go:40.2,40.16 1 0
make-backend/internal/database/setup.go:43.34,47.53 3 0
make-backend/internal/database/setup.go:47.53,49.3 1 0
make-backend/internal/database/setup.go:51.2,51.51 1 0
make-backend/internal/database/setup.go:51.51,53.3 1 0
make-backend/internal/database/setup.go:54.2,54.12 1 0
make-backend/internal/database/store.go:22.34,32.2 1 1
make-backend/cmd/migrate/down.go:12.13,16.16 3 0
make-backend/cmd/migrate/down.go:16.16,18.3 1 0
make-backend/cmd/migrate/down.go:19.2,22.53 3 0
make-backend/cmd/migrate/down.go:22.53,24.3 1 0
make-backend/cmd/migrate/down.go:26.2,26.53 1 0
make-backend/cmd/migrate/down.go:26.53,28.3 1 0
make-backend/internal/api/acs/acs_orchestrator.go:18.84,20.2 1 0
make-backend/internal/api/acs/acs_orchestrator.go:22.77,24.9 2 0
make-backend/internal/api/acs/acs_orchestrator.go:24.9,26.3 1 0
make-backend/internal/api/acs/acs_orchestrator.go:27.2,27.12 1 0
make-backend/internal/api/acs/acs_orchestrator.go:30.113,31.24 1 0
make-backend/internal/api/acs/acs_orchestrator.go:34.85,35.24 1 0
make-backend/internal/api/acs/acs_orchestrator.go:37.84,38.24 1 0
make-backend/internal/api/acs/acs_orchestrator.go:41.128,42.24 1 0
make-backend/internal/api/acs/acs_orchestrator.go:45.107,47.16 2 0
make-backend/internal/api/acs/acs_orchestrator.go:47.16,50.3 2 0
make-backend/internal/api/acs/acs_orchestrator.go:51.2,57.25 2 0
make-backend/internal/api/acs/acs_orchestrator.go:57.25,60.3 2 0
make-backend/internal/api/acs/acs_orchestrator.go:60.8,61.25 1 0
make-backend/internal/api/acs/acs_orchestrator.go:66.90,67.24 1 0
make-backend/internal/api/acs/acs_orchestrator.go:70.116,71.24 1 0
make-backend/internal/api/acs/acs_orchestrator.go:74.110,75.24 1 0
make-backend/internal/api/acs/acs_orchestrator.go:78.96,79.24 1 0
make-backend/internal/api/acs/acs_orchestrator.go:82.100,83.24 1 0
make-backend/internal/api/acs/acs_orchestrator.go:86.76,87.24 1 0
make-backend/internal/api/acs/acs_orchestrator.go:90.101,91.24 1 0
make-backend/cmd/make-backend/main.go:35.13,43.2 5 0
make-backend/cmd/make-backend/main.go:48.13,52.12 4 0
make-backend/cmd/make-backend/main.go:52.12,55.3 2 0
make-backend/cmd/make-backend/main.go:57.2,58.16 2 0
make-backend/cmd/make-backend/main.go:58.16,60.3 1 0
make-backend/cmd/make-backend/main.go:63.2,64.16 2 0
make-backend/cmd/make-backend/main.go:64.16,66.3 1 0
make-backend/cmd/make-backend/main.go:67.2,84.31 13 0
make-backend/cmd/make-backend/main.go:88.74,95.58 5 0
make-backend/cmd/make-backend/main.go:95.58,96.45 1 0
make-backend/cmd/make-backend/main.go:96.45,99.4 2 0
make-backend/cmd/make-backend/main.go:99.9,102.4 2 0
make-backend/cmd/make-backend/main.go:104.2,106.12 2 0
make-backend/cmd/make-backend/main.go:106.12,108.3 1 0
make-backend/cmd/make-backend/main.go:110.2,110.15 1 0
make-backend/cmd/make-backend/main.go:114.98,158.12 23 0
make-backend/cmd/make-backend/main.go:158.12,160.3 1 0
make-backend/cmd/make-backend/main.go:162.2,162.15 1 0
make-backend/internal/api/acs/acs-mqtt/auth.go:39.32,41.2 1 0
make-backend/internal/api/acs/acs-mqtt/auth.go:44.42,49.2 1 0
make-backend/internal/api/acs/acs-mqtt/auth.go:52.83,53.91 1 0
make-backend/internal/api/acs/acs-mqtt/auth.go:53.91,55.3 1 0
make-backend/internal/api/acs/acs-mqtt/auth.go:57.2,59.16 3 0
make-backend/internal/api/acs/acs-mqtt/auth.go:59.16,62.3 2 0
make-backend/internal/api/acs/acs-mqtt/auth.go:63.2,64.16 2 0
make-backend/internal/api/acs/acs-mqtt/auth.go:64.16,67.3 2 0
make-backend/internal/api/acs/acs-mqtt/auth.go:68.2,68.11 1 0
make-backend/internal/api/acs/acs-mqtt/auth.go:72.79,74.69 2 0
make-backend/internal/api/acs/acs-mqtt/auth.go:74.69,76.12 1 0
make-backend/internal/api/acs/acs-mqtt/auth.go:76.12,78.4 1 0
make-backend/internal/api/acs/acs-mqtt/auth.go:78.9,80.4 1 0
make-backend/internal/api/acs/acs-mqtt/auth.go:84.2,85.11 2 0
make-backend/internal/api/acs/acs-mqtt/auth.go:85.11,87.3 1 0
make-backend/internal/api/acs/acs-mqtt/auth.go:87.8,89.3 1 0
make-backend/internal/api/acs/acs-mqtt/auth.go:91.2,91.11 1 0
make-backend/internal/api/acs/acs-mqtt/auth.go:99.35,101.2 1 1
make-backend/internal/api/acs/acs-mqtt/auth.go:105.73,109.21 2 1
make-backend/internal/api/acs/acs-mqtt/auth.go:109.21,112.3 2 1
make-backend/internal/api/acs/acs-mqtt/auth.go:113.2,113.45 1 1
make-backend/internal/api/acs/acs-mqtt/auth.go:113.45,115.3 1 0
make-backend/internal/api/acs/acs-mqtt/auth.go:116.2,116.38 1 1
make-backend/internal/api/acs/acs-mqtt/auth.go:116.38,117.27 1 1
make-backend/internal/api/acs/acs-mqtt/auth.go:117.27,119.12 1 1
make-backend/internal/api/acs/acs-mqtt/auth.go:121.3,121.28 1 1
make-backend/internal/api/acs/acs-mqtt/auth.go:121.28,124.4 1 1
make-backend/internal/api/acs/acs-mqtt/auth.go:126.2,126.46 1 1
make-backend/internal/api/acs/acs-mqtt/auth.go:129.76,131.31 2 1
make-backend/internal/api/acs/acs-mqtt/auth.go:131.31,133.15 2 1
make-backend/internal/api/acs/acs-mqtt/auth.go:133.15,134.12 1 1
make-backend/internal/api/acs/acs-mqtt/auth.go:136.3,136.20 1 1
make-backend/internal/api/acs/acs-mqtt/auth.go:136.20,138.4 1 1
make-backend/internal/api/acs/acs-mqtt/auth.go:138.9,140.4 1 1
make-backend/internal/api/acs/acs-mqtt/auth.go:144.2,144.14 1 1
make-backend/internal/api/acs/acs-mqtt/mqtt_controller.go:24.147,33.2 2 0
make-backend/internal/api/acs/acs-mqtt/mqtt_controller.go:35.43,37.2 1 0
make-backend/internal/api/acs/acs-mqtt/mqtt_controller.go:39.76,41.16 2 0
make-backend/internal/api/acs/acs-mqtt/mqtt_controller.go:41.16,43.3 1 0
make-backend/internal/api/acs/acs-mqtt/mqtt_controller.go:44.2,45.16 2 0
make-backend/internal/api/acs/acs-mqtt/mqtt_controller.go:45.16,47.3 1 0
make-backend/internal/api/acs/acs-mqtt/mqtt_controller.go:48.2,48.12 1 0
make-backend/internal/api/acs/acs-mqtt/mqtt_controller.go:51.122,54.16 3 0
make-backend/internal/api/acs/acs-mqtt/mqtt_controller.go:54.16,57.3 2 0
make-backend/internal/api/acs/acs-mqtt/mqtt_controller.go:58.2,58.13 1 0
make-backend/internal/api/acs/acs-mqtt/mqtt_controller.go:61.107,65.16 3 0
make-backend/internal/api/acs/acs-mqtt/mqtt_controller.go:65.16,68.3 2 0
make-backend/internal/api/acs/acs-mqtt/mqtt_controller.go:69.2,69.13 1 0
make-backend/internal/api/acs/acs-mqtt/mqtt_controller.go:72.123,75.16 3 0
make-backend/internal/api/acs/acs-mqtt/mqtt_controller.go:75.16,78.3 2 0
make-backend/internal/api/acs/acs-mqtt/mqtt_controller.go:79.2,79.13 1 0
make-backend/internal/api/acs/acs-mqtt/mqtt_controller.go:82.118,85.16 3 0
make-backend/internal/api/acs/acs-mqtt/mqtt_controller.go:85.16,88.3 2 0
make-backend/internal/api/acs/acs-mqtt/mqtt_controller.go:89.2,89.13 1 0
make-backend/internal/api/acs/acs-mqtt/mqtt_controller.go:92.100,96.16 3 0
make-backend/internal/api/acs/acs-mqtt/mqtt_controller.go:96.16,99.3 2 0
make-backend/internal/api/acs/acs-mqtt/mqtt_controller.go:100.2,100.13 1 0
make-backend/internal/api/acs/acs-mqtt/server.go:24.37,26.2 1 0
make-backend/internal/api/acs/acs-mqtt/server.go:28.104,39.32 3 0
make-backend/internal/api/acs/acs-mqtt/server.go:39.32,41.3 1 0
make-backend/internal/api/acs/acs-mqtt/server.go:41.8,43.3 1 0
make-backend/internal/api/acs/acs-mqtt/server.go:44.2,44.26 1 0
make-backend/internal/api/acs/acs-mqtt/server.go:44.26,46.3 1 0
make-backend/internal/api/acs/acs-mqtt/server.go:48.2,53.16 4 0
make-backend/internal/api/acs/acs-mqtt/server.go:53.16,55.3 1 0
make-backend/internal/api/acs/acs-mqtt/server.go:57.2,58.89 2 0
make-backend/internal/logging/audit_log.go:16.117,22.16 5 0
make-backend/internal/logging/audit_log.go:22.16,24.3 1 0
make-backend/internal/logging/audit_log.go:27.111,33.16 5 0
make-backend/internal/logging/audit_log.go:33.16,35.3 1 0
make-backend/internal/logging/audit_log.go:38.146,43.16 4 0
make-backend/internal/logging/audit_log.go:43.16,45.3 1 0
make-backend/internal/logging/audit_log.go:47.140,52.16 4 0
make-backend/internal/logging/audit_log.go:52.16,54.3 1 0
make-backend/internal/logging/audit_log.go:60.96,61.24 1 1
make-backend/internal/logging/audit_log.go:61.24,65.3 3 1
make-backend/internal/logging/audit_log.go:66.2,66.34 1 1
make-backend/internal/logging/audit_log.go:66.34,69.3 2 1
make-backend/internal/logging/audit_log.go:76.84,80.39 3 1
make-backend/internal/logging/audit_log.go:80.39,81.25 1 1
make-backend/internal/logging/audit_log.go:81.25,83.9 2 1
make-backend/internal/logging/audit_log.go:85.3,85.26 1 1
make-backend/internal/logging/audit_log.go:85.26,87.4 1 1
make-backend/internal/logging/audit_log.go:89.3,89.65 1 1
make-backend/internal/logging/audit_log.go:92.2,93.50 2 1
make-backend/internal/logging/audit_log.go:93.50,95.3 1 1
make-backend/internal/logging/audit_log.go:96.2,96.13 1 1
make-backend/internal/logging/audit_log.go:101.79,103.36 2 1
make-backend/internal/logging/audit_log.go:103.36,105.29 2 1
make-backend/internal/logging/audit_log.go:105.29,107.4 1 1
make-backend/internal/logging/audit_log.go:107.9,109.4 1 1
make-backend/internal/logging/audit_log.go:110.3,111.22 2 1
make-backend/internal/logging/audit_log.go:113.2,113.64 1 1
make-backend/internal/logging/audit_log.go:117.80,119.36 2 1
make-backend/internal/logging/audit_log.go:119.36,120.17 1 1
make-backend/internal/logging/audit_log.go:120.17,122.4 1 1
make-backend/internal/logging/audit_log.go:123.3,124.29 2 1
make-backend/internal/logging/audit_log.go:124.29,126.4 1 1
make-backend/internal/logging/audit_log.go:126.9,128.4 1 1
make-backend/internal/logging/audit_log.go:129.3,130.63 2 1
make-backend/internal/logging/audit_log.go:132.2,132.64 1 1
make-backend/internal/logging/logger.go:10.47,15.2 1 0
make-backend/internal/gql/directives/directives.go:12.72,14.9 2 0
make-backend/internal/gql/directives/directives.go:14.9,16.3 1 0
make-backend/internal/gql/directives/directives.go:18.2,19.16 2 0
make-backend/internal/gql/directives/directives.go:19.16,21.3 1 0
make-backend/internal/gql/directives/directives.go:23.2,23.24 1 0
make-backend/internal/gql/directives/directives.go:26.74,28.9 2 0
make-backend/internal/gql/directives/directives.go:28.9,30.3 1 0
make-backend/internal/gql/directives/directives.go:32.2,33.16 2 0
make-backend/internal/gql/directives/directives.go:33.16,35.3 1 0
make-backend/internal/gql/directives/directives.go:37.2,37.21 1 0
make-backend/internal/gql/directives/directives.go:40.72,42.9 2 0
make-backend/internal/gql/directives/directives.go:42.9,44.3 1 0
make-backend/internal/gql/directives/directives.go:46.2,47.16 2 0
make-backend/internal/gql/directives/directives.go:47.16,49.3 1 0
make-backend/internal/gql/directives/directives.go:51.2,51.19 1 0
make-backend/internal/gql/directives/directives.go:54.74,56.9 2 0
make-backend/internal/gql/directives/directives.go:56.9,58.3 1 0
make-backend/internal/gql/directives/directives.go:60.2,61.16 2 0
make-backend/internal/gql/directives/directives.go:61.16,63.3 1 0
make-backend/internal/gql/directives/directives.go:65.2,65.21 1 0
make-backend/internal/gql/directives/directives.go:68.48,70.15 2 0
make-backend/internal/gql/directives/directives.go:70.15,72.3 1 0
make-backend/internal/gql/directives/directives.go:74.2,75.9 2 0
make-backend/internal/gql/directives/directives.go:75.9,77.3 1 0
make-backend/internal/gql/directives/directives.go:79.2,80.9 2 0
make-backend/internal/gql/directives/directives.go:80.9,82.3 1 0
make-backend/internal/gql/directives/directives.go:84.2,84.34 1 0
make-backend/internal/gql/directives/directives.go:87.77,89.15 2 0
make-backend/internal/gql/directives/directives.go:89.15,91.3 1 0
make-backend/internal/gql/directives/directives.go:93.2,94.9 2 0
make-backend/internal/gql/directives/directives.go:94.9,96.3 1 0
make-backend/internal/gql/directives/directives.go:98.2,99.9 2 0
make-backend/internal/gql/directives/directives.go:99.9,101.3 1 0
make-backend/internal/gql/directives/directives.go:103.2,104.16 2 0
make-backend/internal/gql/directives/directives.go:104.16,106.3 1 0
make-backend/internal/gql/directives/directives.go:108.2,108.24 1 0
make-backend/internal/gql/directives/directives.go:111.75,113.15 2 0
make-backend/internal/gql/directives/directives.go:113.15,115.3 1 0
make-backend/internal/gql/directives/directives.go:117.2,118.9 2 0
make-backend/internal/gql/directives/directives.go:118.9,120.3 1 0
make-backend/internal/gql/directives/directives.go:122.2,123.9 2 0
make-backend/internal/gql/directives/directives.go:123.9,125.3 1 0
make-backend/internal/gql/directives/directives.go:127.2,128.16 2 0
make-backend/internal/gql/directives/directives.go:128.16,130.3 1 0
make-backend/internal/gql/directives/directives.go:132.2,132.22 1 0
make-backend/internal/gql/directives/directives.go:135.77,137.15 2 0
make-backend/internal/gql/directives/directives.go:137.15,139.3 1 0
make-backend/internal/gql/directives/directives.go:141.2,142.9 2 0
make-backend/internal/gql/directives/directives.go:142.9,144.3 1 0
make-backend/internal/gql/directives/directives.go:146.2,147.9 2 0
make-backend/internal/gql/directives/directives.go:147.9,149.3 1 0
make-backend/internal/gql/directives/directives.go:151.2,152.16 2 0
make-backend/internal/gql/directives/directives.go:152.16,154.3 1 0
make-backend/internal/gql/directives/directives.go:156.2,156.24 1 0
make-backend/internal/gql/directives/directives.go:159.65,160.101 1 0
make-backend/internal/gql/directives/directives.go:160.101,162.17 2 0
make-backend/internal/gql/directives/directives.go:162.17,164.4 1 0
make-backend/internal/gql/directives/directives.go:166.3,166.12 1 0
make-backend/internal/gql/directives/directives.go:166.12,168.4 1 0
make-backend/internal/gql/directives/directives.go:168.9,170.4 1 0
make-backend/internal/gql/directives/directives.go:173.2,173.103 1 0
make-backend/internal/gql/directives/directives.go:173.103,175.17 2 0
make-backend/internal/gql/directives/directives.go:175.17,177.4 1 0
make-backend/internal/gql/directives/directives.go:179.3,179.14 1 0
make-backend/internal/gql/directives/directives.go:179.14,181.4 1 0
make-backend/internal/gql/directives/directives.go:181.9,183.4 1 0
make-backend/internal/gql/directives/directives.go:186.2,186.101 1 0
make-backend/internal/gql/directives/directives.go:186.101,188.17 2 0
make-backend/internal/gql/directives/directives.go:188.17,190.4 1 0
make-backend/internal/gql/directives/directives.go:192.3,192.12 1 0
make-backend/internal/gql/directives/directives.go:192.12,194.4 1 0
make-backend/internal/gql/directives/directives.go:194.9,196.4 1 0
make-backend/internal/gql/directives/directives.go:199.2,199.103 1 0
make-backend/internal/gql/directives/directives.go:199.103,201.17 2 0
make-backend/internal/gql/directives/directives.go:201.17,203.4 1 0
make-backend/internal/gql/directives/directives.go:205.3,205.14 1 0
make-backend/internal/gql/directives/directives.go:205.14,207.4 1 0
make-backend/internal/gql/directives/directives.go:207.9,209.4 1 0
make-backend/internal/gql/directives/directives.go:212.2,212.100 1 0
make-backend/internal/gql/directives/directives.go:212.100,214.17 2 0
make-backend/internal/gql/directives/directives.go:214.17,216.4 1 0
make-backend/internal/gql/directives/directives.go:218.3,218.11 1 0
make-backend/internal/gql/directives/directives.go:218.11,220.4 1 0
make-backend/internal/gql/directives/directives.go:220.9,222.4 1 0
make-backend/internal/gql/directives/directives.go:225.2,225.106 1 0
make-backend/internal/gql/directives/directives.go:225.106,227.17 2 0
make-backend/internal/gql/directives/directives.go:227.17,229.4 1 0
make-backend/internal/gql/directives/directives.go:231.3,231.17 1 0
make-backend/internal/gql/directives/directives.go:231.17,233.4 1 0
make-backend/internal/gql/directives/directives.go:233.9,235.4 1 0
make-backend/internal/gql/directives/directives.go:238.2,238.104 1 0
make-backend/internal/gql/directives/directives.go:238.104,240.17 2 0
make-backend/internal/gql/directives/directives.go:240.17,242.4 1 0
make-backend/internal/gql/directives/directives.go:244.3,244.15 1 0
make-backend/internal/gql/directives/directives.go:244.15,246.4 1 0
make-backend/internal/gql/directives/directives.go:246.9,248.4 1 0
make-backend/internal/gql/directives/directives.go:251.2,251.106 1 0
make-backend/internal/gql/directives/directives.go:251.106,253.17 2 0
make-backend/internal/gql/directives/directives.go:253.17,255.4 1 0
make-backend/internal/gql/directives/directives.go:257.3,257.17 1 0
make-backend/internal/gql/directives/directives.go:257.17,259.4 1 0
make-backend/internal/gql/directives/directives.go:259.9,261.4 1 0
make-backend/internal/gql/directives/directives.go:264.2,264.107 1 0
make-backend/internal/gql/directives/directives.go:264.107,266.17 2 0
make-backend/internal/gql/directives/directives.go:266.17,268.4 1 0
make-backend/internal/gql/directives/directives.go:270.3,271.17 2 0
make-backend/internal/gql/directives/directives.go:271.17,273.4 1 0
make-backend/internal/gql/directives/directives.go:275.3,275.20 1 0
make-backend/internal/gql/directives/directives.go:275.20,277.4 1 0
make-backend/internal/gql/directives/directives.go:277.9,279.4 1 0
make-backend/internal/api/rest/api.go:5.44,7.2 0 0
make-backend/internal/auth/middleware.go:12.96,13.71 1 0
make-backend/internal/auth/middleware.go:13.71,17.17 2 0
make-backend/internal/auth/middleware.go:17.17,20.4 2 0
make-backend/internal/auth/middleware.go:22.3,22.23 1 0
make-backend/internal/auth/saml.go:20.96,23.18 3 0
make-backend/internal/auth/saml.go:23.18,25.3 1 0
make-backend/internal/auth/saml.go:26.2,26.17 1 0
make-backend/internal/auth/saml.go:26.17,28.3 1 0
make-backend/internal/auth/saml.go:30.2,31.16 2 0
make-backend/internal/auth/saml.go:31.16,33.3 1 0
make-backend/internal/auth/saml.go:35.2,36.16 2 0
make-backend/internal/auth/saml.go:36.16,38.3 1 0
make-backend/internal/auth/saml.go:40.2,41.16 2 0
make-backend/internal/auth/saml.go:41.16,43.3 1 0
make-backend/internal/auth/saml.go:45.2,46.16 2 0
make-backend/internal/auth/saml.go:46.16,48.3 1 0
make-backend/internal/auth/saml.go:50.2,51.20 2 0
make-backend/internal/auth/saml.go:51.20,53.3 1 0
make-backend/internal/auth/saml.go:55.2,56.16 2 0
make-backend/internal/auth/saml.go:56.16,58.3 1 0
make-backend/internal/auth/saml.go:60.2,69.16 3 0
make-backend/internal/auth/saml.go:69.16,71.3 1 0
make-backend/internal/auth/saml.go:73.2,78.15 2 0
make-backend/internal/auth/saml.go:86.116,90.16 3 0
make-backend/internal/auth/saml.go:90.16,92.3 1 0
make-backend/internal/auth/saml.go:94.2,96.12 2 0
make-backend/internal/auth/saml.go:99.89,101.2 1 0
make-backend/internal/auth/saml.go:105.81,106.53 1 0
make-backend/internal/auth/saml.go:106.53,108.3 1 0
make-backend/internal/auth/saml.go:110.2,110.33 1 0
make-backend/internal/auth/sessions.go:10.52,16.2 3 0
make-backend/internal/database/models/device.go:31.39,36.2 1 0
make-backend/internal/database/models/device.go:38.62,40.16 2 0
make-backend/internal/database/models/device.go:40.16,42.3 1 0
make-backend/internal/database/models/device.go:43.2,43.31 1 0
make-backend/internal/database/models/device.go:48.60,52.2 3 0
make-backend/internal/database/models/device.go:54.49,57.25 2 0
make-backend/internal/database/models/device.go:57.25,59.3 1 0
make-backend/internal/database/models/device.go:62.2,64.16 3 0
make-backend/internal/database/models/device.go:64.16,66.3 1 0
make-backend/internal/database/models/device.go:69.2,79.16 7 0
make-backend/internal/database/models/device.go:79.16,81.3 1 0
make-backend/internal/database/models/device.go:84.2,92.43 5 0
make-backend/internal/database/models/device.go:101.51,102.18 1 0
make-backend/internal/database/models/device.go:102.18,105.3 2 0
make-backend/internal/database/models/device.go:107.2,108.9 2 0
make-backend/internal/database/models/device.go:108.9,110.3 1 0
make-backend/internal/database/models/device.go:112.2,112.33 1 0
make-backend/internal/database/models/device.go:115.58,117.2 1 0
make-backend/internal/database/models/device.go:143.50,144.18 1 0
make-backend/internal/database/models/device.go:144.18,146.3 1 0
make-backend/internal/database/models/device.go:148.2,149.9 2 0
make-backend/internal/database/models/device.go:149.9,151.3 1 0
make-backend/internal/database/models/device.go:153.2,153.33 1 0
make-backend/internal/database/models/device.go:156.57,158.2 1 0
make-backend/internal/database/models/equipment.go:21.42,26.2 1 0
make-backend/internal/database/models/equipment.go:35.50,40.2 1 0
make-backend/internal/database/models/group.go:56.54,58.11 2 0
make-backend/internal/database/models/group.go:59.34,60.16 1 0
make-backend/internal/database/models/group.go:61.35,62.17 1 0
make-backend/internal/database/models/group.go:63.35,64.17 1 0
make-backend/internal/database/models/group.go:65.10,66.9 1 0
make-backend/internal/database/models/group.go:68.2,68.35 1 0
make-backend/internal/database/models/group.go:71.65,73.9 2 0
make-backend/internal/database/models/group.go:73.9,75.3 1 0
make-backend/internal/database/models/group.go:76.2,76.13 1 0
make-backend/internal/database/models/group.go:77.17,78.34 1 0
make-backend/internal/database/models/group.go:79.18,80.35 1 0
make-backend/internal/database/models/group.go:81.18,82.35 1 0
make-backend/internal/database/models/group.go:83.10,84.66 1 0
make-backend/internal/database/models/group.go:86.2,86.12 1 0
make-backend/internal/database/models/hours.go:17.42,17.43 0 0
make-backend/internal/database/models/hours.go:27.42,27.43 0 0
make-backend/internal/database/models/makerspace.go:14.43,19.2 1 0
make-backend/internal/database/models/training.go:20.37,20.38 0 0
make-backend/internal/database/models/training.go:21.37,21.38 0 0
make-backend/internal/database/models/training.go:29.38,29.39 0 0
make-backend/internal/database/models/training.go:30.38,30.39 0 0
make-backend/internal/database/models/training.go:46.39,46.40 0 0
make-backend/internal/database/models/training.go:47.37,48.27 1 0
make-backend/internal/database/models/training.go:48.27,50.3 1 0
make-backend/internal/database/models/training.go:62.44,62.45 0 0
make-backend/internal/database/models/training.go:63.42,65.2 1 0
make-backend/internal/database/models/training.go:70.65,72.60 2 0
make-backend/internal/database/models/training.go:72.60,74.3 1 0
make-backend/internal/database/models/training.go:76.2,78.35 2 0
make-backend/internal/database/models/training.go:78.35,82.60 2 0
make-backend/internal/database/models/training.go:82.60,84.4 1 0
make-backend/internal/database/models/training.go:86.3,87.28 2 0
make-backend/internal/database/models/training.go:88.15,90.50 2 0
make-backend/internal/database/models/training.go:90.50,92.5 1 0
make-backend/internal/database/models/training.go:93.4,93.14 1 0
make-backend/internal/database/models/training.go:95.16,97.50 2 0
make-backend/internal/database/models/training.go:97.50,99.5 1 0
make-backend/internal/database/models/training.go:100.4,100.14 1 0
make-backend/internal/database/models/training.go:102.40,104.50 2 0
make-backend/internal/database/models/training.go:104.50,106.5 1 0
make-backend/internal/database/models/training.go:107.4,107.14 1 0
make-backend/internal/database/models/training.go:109.23,111.50 2 0
make-backend/internal/database/models/training.go:111.50,113.5 1 0
make-backend/internal/database/models/training.go:114.4,114.14 1 0
make-backend/internal/database/models/training.go:116.11,117.74 1 0
make-backend/internal/database/models/training.go:120.3,120.31 1 0
make-backend/internal/database/models/training.go:123.2,123.12 1 0
make-backend/internal/database/models/training.go:133.51,135.9 2 0
make-backend/internal/database/models/training.go:135.9,137.3 1 0
make-backend/internal/database/models/training.go:139.2,139.33 1 0
make-backend/internal/database/models/user.go:24.33,26.2 1 0
make-backend/internal/database/models/user.go:27.37,29.2 1 0
make-backend/internal/database/repos/audit_log_repo.go:30.48,32.2 1 0
make-backend/internal/database/repos/audit_log_repo.go:44.175,48.16 3 0
make-backend/internal/database/repos/audit_log_repo.go:48.16,50.3 1 0
make-backend/internal/database/repos/audit_log_repo.go:52.2,55.16 3 0
make-backend/internal/database/repos/audit_log_repo.go:55.16,57.3 1 0
make-backend/internal/database/repos/audit_log_repo.go:59.2,59.23 1 0
make-backend/internal/database/repos/audit_log_repo.go:62.121,65.38 3 0
make-backend/internal/database/repos/audit_log_repo.go:65.38,68.3 2 0
make-backend/internal/database/repos/audit_log_repo.go:69.2,75.65 2 0
make-backend/internal/database/repos/audit_log_repo.go:75.65,78.3 1 0
make-backend/internal/database/repos/audit_log_repo.go:78.8,78.71 1 0
make-backend/internal/database/repos/audit_log_repo.go:78.71,81.3 2 0
make-backend/internal/database/repos/audit_log_repo.go:81.8,85.33 3 0
make-backend/internal/database/repos/audit_log_repo.go:85.33,87.4 1 0
make-backend/internal/database/repos/audit_log_repo.go:88.3,89.52 2 0
make-backend/internal/database/repos/audit_log_repo.go:92.2,92.35 1 0
make-backend/internal/database/repos/audit_log_repo.go:92.35,96.3 3 0
make-backend/internal/database/repos/audit_log_repo.go:97.2,97.33 1 0
make-backend/internal/database/repos/audit_log_repo.go:97.33,101.3 3 0
make-backend/internal/database/repos/audit_log_repo.go:103.2,109.27 2 0
make-backend/internal/database/repos/audit_log_repo.go:109.27,110.22 1 0
make-backend/internal/database/repos/audit_log_repo.go:110.22,112.4 1 0
make-backend/internal/database/repos/audit_log_repo.go:112.9,112.28 1 0
make-backend/internal/database/repos/audit_log_repo.go:112.28,117.4 3 0
make-backend/internal/database/repos/audit_log_repo.go:120.2,120.29 1 0
make-backend/internal/database/repos/audit_log_repo.go:120.29,125.3 4 0
make-backend/internal/database/repos/audit_log_repo.go:127.2,132.16 4 0
make-backend/internal/database/repos/audit_log_repo.go:132.16,134.3 1 0
make-backend/internal/database/repos/audit_log_repo.go:135.2,136.18 2 0
make-backend/internal/database/repos/audit_log_repo.go:136.18,147.17 3 0
make-backend/internal/database/repos/audit_log_repo.go:147.17,149.4 1 0
make-backend/internal/database/repos/audit_log_repo.go:150.3,150.27 1 0
make-backend/internal/database/repos/audit_log_repo.go:153.2,153.35 1 0
make-backend/internal/database/repos/audit_log_repo.go:153.35,155.3 1 0
make-backend/internal/database/repos/audit_log_repo.go:157.2,157.18 1 0
make-backend/internal/database/repos/device_repo.go:22.89,49.16 4 0
make-backend/internal/database/repos/device_repo.go:49.16,51.3 1 0
make-backend/internal/database/repos/device_repo.go:53.2,53.31 1 0
make-backend/internal/database/repos/device_repo.go:56.92,83.16 4 0
make-backend/internal/database/repos/device_repo.go:83.16,85.3 1 0
make-backend/internal/database/repos/device_repo.go:87.2,87.31 1 0
make-backend/internal/database/repos/device_repo.go:90.101,136.16 4 0
make-backend/internal/database/repos/device_repo.go:136.16,138.3 1 0
make-backend/internal/database/repos/device_repo.go:140.2,140.28 1 0
make-backend/internal/database/repos/device_repo.go:143.142,155.16 4 0
make-backend/internal/database/repos/device_repo.go:155.16,157.3 1 0
make-backend/internal/database/repos/device_repo.go:159.2,159.36 1 0
make-backend/internal/database/repos/device_repo.go:162.122,193.16 4 0
make-backend/internal/database/repos/device_repo.go:193.16,195.3 1 0
make-backend/internal/database/repos/device_repo.go:197.2,197.35 1 0
make-backend/internal/database/repos/device_repo.go:200.157,219.16 4 0
make-backend/internal/database/repos/device_repo.go:219.16,221.3 1 0
make-backend/internal/database/repos/device_repo.go:223.2,223.28 1 0
make-backend/internal/database/repos/equipment_repo.go:17.98,56.16 4 0
make-backend/internal/database/repos/equipment_repo.go:56.16,58.3 1 0
make-backend/internal/database/repos/equipment_repo.go:60.2,60.31 1 0
make-backend/internal/database/repos/group_repo.go:54.102,57.16 2 0
make-backend/internal/database/repos/group_repo.go:57.16,59.3 1 0
make-backend/internal/database/repos/group_repo.go:60.2,60.15 1 0
make-backend/internal/database/repos/group_repo.go:60.15,62.3 1 0
make-backend/internal/database/repos/group_repo.go:65.2,66.16 2 0
make-backend/internal/database/repos/group_repo.go:66.16,68.3 1 0
make-backend/internal/database/repos/group_repo.go:70.2,70.15 1 0
make-backend/internal/database/repos/group_repo.go:70.15,71.14 1 0
make-backend/internal/database/repos/group_repo.go:72.42,73.20 1 0
make-backend/internal/database/repos/group_repo.go:74.43,75.21 1 0
make-backend/internal/database/repos/group_repo.go:76.43,77.20 1 0
make-backend/internal/database/repos/group_repo.go:78.11,79.64 1 0
make-backend/internal/database/repos/group_repo.go:87.2,87.24 1 0
make-backend/internal/database/repos/group_repo.go:90.111,93.16 2 0
make-backend/internal/database/repos/group_repo.go:93.16,95.3 1 0
make-backend/internal/database/repos/group_repo.go:96.2,96.15 1 0
make-backend/internal/database/repos/group_repo.go:96.15,98.3 1 0
make-backend/internal/database/repos/group_repo.go:103.2,103.24 1 0
make-backend/internal/database/repos/group_repo.go:107.137,111.16 3 0
make-backend/internal/database/repos/group_repo.go:111.16,113.3 1 0
make-backend/internal/database/repos/group_repo.go:115.2,115.12 1 0
make-backend/internal/database/repos/group_repo.go:118.105,122.16 3 0
make-backend/internal/database/repos/group_repo.go:122.16,124.3 1 0
make-backend/internal/database/repos/group_repo.go:126.2,127.18 2 0
make-backend/internal/database/repos/group_repo.go:127.18,134.17 4 0
make-backend/internal/database/repos/group_repo.go:134.17,136.4 1 0
make-backend/internal/database/repos/group_repo.go:137.3,137.30 1 0
make-backend/internal/database/repos/group_repo.go:140.2,140.35 1 0
make-backend/internal/database/repos/group_repo.go:140.35,142.3 1 0
make-backend/internal/database/repos/group_repo.go:144.2,144.19 1 0
make-backend/internal/database/repos/group_repo.go:149.99,154.16 3 0
make-backend/internal/database/repos/group_repo.go:154.16,156.3 1 0
make-backend/internal/database/repos/group_repo.go:158.2,159.18 2 0
make-backend/internal/database/repos/group_repo.go:159.18,166.17 4 0
make-backend/internal/database/repos/group_repo.go:166.17,168.4 1 0
make-backend/internal/database/repos/group_repo.go:169.3,169.30 1 0
make-backend/internal/database/repos/group_repo.go:172.2,172.35 1 0
make-backend/internal/database/repos/group_repo.go:172.35,174.3 1 0
make-backend/internal/database/repos/group_repo.go:176.2,176.19 1 0
make-backend/internal/database/repos/group_repo.go:181.96,185.16 3 0
make-backend/internal/database/repos/group_repo.go:185.16,187.3 1 0
make-backend/internal/database/repos/group_repo.go:188.2,191.18 3 0
make-backend/internal/database/repos/group_repo.go:191.18,194.17 3 0
make-backend/internal/database/repos/group_repo.go:194.17,196.4 1 0
make-backend/internal/database/repos/group_repo.go:197.3,197.33 1 0
make-backend/internal/database/repos/group_repo.go:200.2,200.35 1 0
make-backend/internal/database/repos/group_repo.go:200.35,202.3 1 0
make-backend/internal/database/repos/group_repo.go:203.2,203.20 1 0
make-backend/internal/database/repos/group_repo.go:207.92,215.16 3 0
make-backend/internal/database/repos/group_repo.go:215.16,217.3 1 0
make-backend/internal/database/repos/group_repo.go:218.2,221.18 3 0
make-backend/internal/database/repos/group_repo.go:221.18,224.17 3 0
make-backend/internal/database/repos/group_repo.go:224.17,226.4 1 0
make-backend/internal/database/repos/group_repo.go:227.3,227.33 1 0
make-backend/internal/database/repos/group_repo.go:230.2,230.35 1 0
make-backend/internal/database/repos/group_repo.go:230.35,232.3 1 0
make-backend/internal/database/repos/group_repo.go:233.2,233.20 1 0
make-backend/internal/database/repos/group_repo.go:236.113,240.16 3 0
make-backend/internal/database/repos/group_repo.go:240.16,242.3 1 0
make-backend/internal/database/repos/group_repo.go:243.2,246.18 3 0
make-backend/internal/database/repos/group_repo.go:246.18,252.17 3 0
make-backend/internal/database/repos/group_repo.go:252.17,254.4 1 0
make-backend/internal/database/repos/group_repo.go:255.3,255.33 1 0
make-backend/internal/database/repos/group_repo.go:258.2,258.35 1 0
make-backend/internal/database/repos/group_repo.go:258.35,260.3 1 0
make-backend/internal/database/repos/group_repo.go:262.2,262.20 1 0
make-backend/internal/database/repos/group_repo.go:267.96,268.24 1 0
make-backend/internal/database/repos/group_repo.go:272.94,273.24 1 0
make-backend/internal/database/repos/group_repo.go:277.112,283.16 4 0
make-backend/internal/database/repos/group_repo.go:283.16,285.3 1 0
make-backend/internal/database/repos/group_repo.go:286.2,286.20 1 0
make-backend/internal/database/repos/group_repo.go:289.110,300.16 4 0
make-backend/internal/database/repos/group_repo.go:300.16,302.3 1 0
make-backend/internal/database/repos/group_repo.go:303.2,303.20 1 0
make-backend/internal/database/repos/group_repo.go:306.123,312.16 4 0
make-backend/internal/database/repos/group_repo.go:312.16,314.3 1 0
make-backend/internal/database/repos/group_repo.go:315.2,315.25 1 0
make-backend/internal/database/repos/group_repo.go:318.131,324.16 4 0
make-backend/internal/database/repos/group_repo.go:324.16,326.3 1 0
make-backend/internal/database/repos/group_repo.go:327.2,327.25 1 0
make-backend/internal/database/repos/group_repo.go:331.71,338.16 4 0
make-backend/internal/database/repos/group_repo.go:338.16,340.3 1 0
make-backend/internal/database/repos/group_repo.go:342.2,342.23 1 0
make-backend/internal/database/repos/group_repo.go:345.96,351.16 4 0
make-backend/internal/database/repos/group_repo.go:351.16,353.3 1 0
make-backend/internal/database/repos/group_repo.go:355.2,355.20 1 0
make-backend/internal/database/repos/group_repo.go:358.96,364.16 4 0
make-backend/internal/database/repos/group_repo.go:364.16,366.3 1 0
make-backend/internal/database/repos/group_repo.go:368.2,368.20 1 0
make-backend/internal/database/repos/group_repo.go:372.86,389.16 5 0
make-backend/internal/database/repos/group_repo.go:389.16,391.3 1 0
make-backend/internal/database/repos/group_repo.go:392.2,392.22 1 0
make-backend/internal/database/repos/group_repo.go:392.22,395.3 1 0
make-backend/internal/database/repos/group_repo.go:395.8,397.3 1 0
make-backend/internal/database/repos/group_repo.go:399.2,399.21 1 0
make-backend/internal/database/repos/group_repo.go:403.128,408.16 3 0
make-backend/internal/database/repos/group_repo.go:408.16,410.3 1 0
make-backend/internal/database/repos/group_repo.go:412.2,412.12 1 0
make-backend/internal/database/repos/group_repo.go:415.107,419.16 3 0
make-backend/internal/database/repos/group_repo.go:419.16,421.3 1 0
make-backend/internal/database/repos/group_repo.go:423.2,424.18 2 0
make-backend/internal/database/repos/group_repo.go:424.18,430.17 3 0
make-backend/internal/database/repos/group_repo.go:430.17,432.4 1 0
make-backend/internal/database/repos/group_repo.go:433.3,433.36 1 0
make-backend/internal/database/repos/group_repo.go:436.2,436.35 1 0
make-backend/internal/database/repos/group_repo.go:436.35,438.3 1 0
make-backend/internal/database/repos/group_repo.go:440.2,440.21 1 0
make-backend/internal/database/repos/group_repo.go:444.113,448.16 3 0
make-backend/internal/database/repos/group_repo.go:448.16,450.3 1 0
make-backend/internal/database/repos/group_repo.go:452.2,453.18 2 0
make-backend/internal/database/repos/group_repo.go:453.18,459.17 3 0
make-backend/internal/database/repos/group_repo.go:459.17,461.4 1 0
make-backend/internal/database/repos/group_repo.go:462.3,462.36 1 0
make-backend/internal/database/repos/group_repo.go:465.2,465.35 1 0
make-backend/internal/database/repos/group_repo.go:465.35,467.3 1 0
make-backend/internal/database/repos/group_repo.go:469.2,469.21 1 0
make-backend/internal/database/repos/group_repo.go:472.101,475.16 3 0
make-backend/internal/database/repos/group_repo.go:475.16,477.3 1 0
make-backend/internal/database/repos/group_repo.go:478.2,479.16 2 0
make-backend/internal/database/repos/group_repo.go:479.16,481.3 1 0
make-backend/internal/database/repos/group_repo.go:482.2,482.21 1 0
make-backend/internal/database/repos/image_repo.go:17.86,27.16 4 0
make-backend/internal/database/repos/image_repo.go:27.16,29.3 1 0
make-backend/internal/database/repos/image_repo.go:31.2,31.27 1 0
make-backend/internal/database/repos/makerspace_repo.go:23.101,49.16 4 0
make-backend/internal/database/repos/makerspace_repo.go:49.16,51.3 1 0
make-backend/internal/database/repos/makerspace_repo.go:53.2,53.32 1 0
make-backend/internal/database/repos/makerspace_repo.go:56.103,62.16 4 0
make-backend/internal/database/repos/makerspace_repo.go:62.16,64.3 1 0
make-backend/internal/database/repos/makerspace_repo.go:66.2,66.23 1 0
make-backend/internal/database/repos/makerspace_repo.go:69.86,73.16 3 0
make-backend/internal/database/repos/makerspace_repo.go:73.16,75.3 1 0
make-backend/internal/database/repos/makerspace_repo.go:77.2,77.18 1 0
make-backend/internal/database/repos/makerspace_repo.go:80.96,84.16 3 0
make-backend/internal/database/repos/makerspace_repo.go:84.16,86.3 1 0
make-backend/internal/database/repos/makerspace_repo.go:88.2,88.12 1 0
make-backend/internal/database/repos/makerspace_repo.go:91.94,95.16 3 0
make-backend/internal/database/repos/makerspace_repo.go:95.16,97.3 1 0
make-backend/internal/database/repos/makerspace_repo.go:99.2,99.12 1 0
make-backend/internal/database/repos/makerspace_repo.go:102.102,121.16 3 0
make-backend/internal/database/repos/makerspace_repo.go:121.16,123.3 1 0
make-backend/internal/database/repos/makerspace_repo.go:124.2,127.18 3 0
make-backend/internal/database/repos/makerspace_repo.go:127.18,144.17 3 0
make-backend/internal/database/repos/makerspace_repo.go:144.17,146.4 1 0
make-backend/internal/database/repos/makerspace_repo.go:148.3,148.31 1 0
make-backend/internal/database/repos/makerspace_repo.go:151.2,151.35 1 0
make-backend/internal/database/repos/makerspace_repo.go:151.35,153.3 1 0
make-backend/internal/database/repos/makerspace_repo.go:155.2,155.19 1 0
make-backend/internal/database/repos/makerspace_repo.go:158.114,169.16 3 0
make-backend/internal/database/repos/makerspace_repo.go:169.16,171.3 1 0
make-backend/internal/database/repos/makerspace_repo.go:172.2,175.18 3 0
make-backend/internal/database/repos/makerspace_repo.go:175.18,186.17 3 0
make-backend/internal/database/repos/makerspace_repo.go:186.17,188.4 1 0
make-backend/internal/database/repos/makerspace_repo.go:190.3,190.55 1 0
make-backend/internal/database/repos/makerspace_repo.go:193.2,193.35 1 0
make-backend/internal/database/repos/makerspace_repo.go:193.35,195.3 1 0
make-backend/internal/database/repos/makerspace_repo.go:197.2,197.27 1 0
make-backend/internal/database/repos/user_repo.go:25.83,58.16 4 0
make-backend/internal/database/repos/user_repo.go:58.16,60.3 1 0
make-backend/internal/database/repos/user_repo.go:62.2,62.26 1 0
make-backend/internal/database/repos/user_repo.go:65.92,98.16 4 0
make-backend/internal/database/repos/user_repo.go:98.16,100.3 1 0
make-backend/internal/database/repos/user_repo.go:102.2,102.26 1 0
make-backend/internal/database/repos/user_repo.go:105.79,111.16 4 0
make-backend/internal/database/repos/user_repo.go:111.16,113.3 1 0
make-backend/internal/database/repos/user_repo.go:115.2,115.20 1 0
make-backend/internal/database/repos/user_repo.go:118.73,124.16 4 0
make-backend/internal/database/repos/user_repo.go:124.16,126.3 1 0
make-backend/internal/database/repos/user_repo.go:128.2,128.23 1 0
make-backend/internal/database/repos/user_repo.go:131.71,137.16 4 0
make-backend/internal/database/repos/user_repo.go:137.16,139.3 1 0
make-backend/internal/database/repos/user_repo.go:141.2,141.21 1 0
make-backend/internal/database/repos/user_repo.go:144.73,150.16 4 0
make-backend/internal/database/repos/user_repo.go:150.16,152.3 1 0
make-backend/internal/database/repos/user_repo.go:154.2,154.23 1 0
make-backend/internal/database/repos/user_repo.go:157.100,163.16 4 0
make-backend/internal/database/repos/user_repo.go:163.16,165.3 1 0
make-backend/internal/database/repos/user_repo.go:167.2,167.23 1 0
make-backend/internal/database/repos/user_repo.go:170.98,176.16 4 0
make-backend/internal/database/repos/user_repo.go:176.16,178.3 1 0
make-backend/internal/database/repos/user_repo.go:180.2,180.21 1 0
make-backend/internal/database/repos/user_repo.go:183.99,189.16 4 0
make-backend/internal/database/repos/user_repo.go:189.16,191.3 1 0
make-backend/internal/database/repos/user_repo.go:193.2,193.23 1 0
make-backend/internal/database/repos/zone_repo.go:18.83,36.16 4 0
make-backend/internal/database/repos/zone_repo.go:36.16,38.3 1 0
make-backend/internal/database/repos/zone_repo.go:40.2,40.26 1 0
make-backend/internal/database/repos/zone_repo.go:43.106,47.16 3 0
make-backend/internal/database/repos/zone_repo.go:47.16,49.3 1 0
make-backend/internal/database/repos/zone_repo.go:50.2,54.18 3 0
make-backend/internal/database/repos/zone_repo.go:54.18,58.17 3 0
make-backend/internal/database/repos/zone_repo.go:58.17,60.4 1 0
make-backend/internal/database/repos/zone_repo.go:62.3,62.31 1 0
make-backend/internal/database/repos/zone_repo.go:65.2,65.34 1 0
make-backend/internal/database/repos/zone_repo.go:65.34,67.3 1 0
make-backend/internal/database/repos/zone_repo.go:69.2,69.19 1 0
make-backend/internal/gql/scalars/clock_time.go:11.54,12.46 1 0
make-backend/internal/gql/scalars/clock_time.go:12.46,14.3 1 0
make-backend/internal/gql/scalars/clock_time.go:17.51,19.9 2 0
make-backend/internal/gql/scalars/clock_time.go:19.9,21.3 1 0
make-backend/internal/gql/scalars/clock_time.go:23.2,23.36 1 0
make-backend/internal/gql/scalars/date.go:11.49,12.46 1 0
make-backend/internal/gql/scalars/date.go:12.46,14.3 1 0
make-backend/internal/gql/scalars/date.go:17.46,19.9 2 0
make-backend/internal/gql/scalars/date.go:19.9,21.3 1 0
make-backend/internal/gql/scalars/date.go:23.2,23.38 1 0
make-backend/internal/gql/generated.go:27.63,29.2 1 0
make-backend/internal/gql/generated.go:366.49,367.25 1 0
make-backend/internal/gql/generated.go:367.25,369.3 1 0
make-backend/internal/gql/generated.go:370.2,370.21 1 0
make-backend/internal/gql/generated.go:373.141,376.32 3 0
make-backend/internal/gql/generated.go:378.34,379.54 1 0
make-backend/internal/gql/generated.go:379.54,380.9 1 0
make-backend/internal/gql/generated.go:383.3,383.73 1 0
make-backend/internal/gql/generated.go:384.33,385.53 1 0
make-backend/internal/gql/generated.go:385.53,386.9 1 0
make-backend/internal/gql/generated.go:389.3,389.72 1 0
make-backend/internal/gql/generated.go:390.26,391.47 1 0
make-backend/internal/gql/generated.go:391.47,392.9 1 0
make-backend/internal/gql/generated.go:395.3,395.66 1 0
make-backend/internal/gql/generated.go:396.29,397.50 1 0
make-backend/internal/gql/generated.go:397.50,398.9 1 0
make-backend/internal/gql/generated.go:401.3,401.69 1 0
make-backend/internal/gql/generated.go:402.37,403.57 1 0
make-backend/internal/gql/generated.go:403.57,404.9 1 0
make-backend/internal/gql/generated.go:407.3,407.76 1 0
make-backend/internal/gql/generated.go:409.34,410.55 1 0
make-backend/internal/gql/generated.go:410.55,411.9 1 0
make-backend/internal/gql/generated.go:414.3,414.74 1 0
make-backend/internal/gql/generated.go:415.28,416.49 1 0
make-backend/internal/gql/generated.go:416.49,417.9 1 0
make-backend/internal/gql/generated.go:420.3,420.68 1 0
make-backend/internal/gql/generated.go:421.30,422.51 1 0
make-backend/internal/gql/generated.go:422.51,423.9 1 0
make-backend/internal/gql/generated.go:426.3,426.70 1 0
make-backend/internal/gql/generated.go:428.37,429.58 1 0
make-backend/internal/gql/generated.go:429.58,430.9 1 0
make-backend/internal/gql/generated.go:433.3,433.77 1 0
make-backend/internal/gql/generated.go:434.29,435.50 1 0
make-backend/internal/gql/generated.go:435.50,436.9 1 0
make-backend/internal/gql/generated.go:439.3,439.69 1 0
make-backend/internal/gql/generated.go:441.31,442.52 1 0
make-backend/internal/gql/generated.go:442.52,443.9 1 0
make-backend/internal/gql/generated.go:446.3,446.71 1 0
make-backend/internal/gql/generated.go:447.39,448.58 1 0
make-backend/internal/gql/generated.go:448.58,449.9 1 0
make-backend/internal/gql/generated.go:452.3,452.77 1 0
make-backend/internal/gql/generated.go:453.29,454.50 1 0
make-backend/internal/gql/generated.go:454.50,455.9 1 0
make-backend/internal/gql/generated.go:458.3,458.69 1 0
make-backend/internal/gql/generated.go:459.28,460.49 1 0
make-backend/internal/gql/generated.go:460.49,461.9 1 0
make-backend/internal/gql/generated.go:464.3,464.68 1 0
make-backend/internal/gql/generated.go:465.34,466.54 1 0
make-backend/internal/gql/generated.go:466.54,467.9 1 0
make-backend/internal/gql/generated.go:470.3,470.73 1 0
make-backend/internal/gql/generated.go:471.42,472.62 1 0
make-backend/internal/gql/generated.go:472.62,473.9 1 0
make-backend/internal/gql/generated.go:476.3,476.81 1 0
make-backend/internal/gql/generated.go:477.40,478.60 1 0
make-backend/internal/gql/generated.go:478.60,479.9 1 0
make-backend/internal/gql/generated.go:482.3,482.79 1 0
make-backend/internal/gql/generated.go:483.36,484.56 1 0
make-backend/internal/gql/generated.go:484.56,485.9 1 0
make-backend/internal/gql/generated.go:488.3,488.75 1 0
make-backend/internal/gql/generated.go:489.36,490.56 1 0
make-backend/internal/gql/generated.go:490.56,491.9 1 0
make-backend/internal/gql/generated.go:494.3,494.75 1 0
make-backend/internal/gql/generated.go:496.42,497.61 1 0
make-backend/internal/gql/generated.go:497.61,498.9 1 0
make-backend/internal/gql/generated.go:501.3,501.80 1 0
make-backend/internal/gql/generated.go:502.47,503.66 1 0
make-backend/internal/gql/generated.go:503.66,504.9 1 0
make-backend/internal/gql/generated.go:507.3,507.85 1 0
make-backend/internal/gql/generated.go:508.37,509.58 1 0
make-backend/internal/gql/generated.go:509.58,510.9 1 0
make-backend/internal/gql/generated.go:513.3,513.77 1 0
make-backend/internal/gql/generated.go:515.27,516.48 1 0
make-backend/internal/gql/generated.go:516.48,517.9 1 0
make-backend/internal/gql/generated.go:520.3,520.67 1 0
make-backend/internal/gql/generated.go:521.25,522.46 1 0
make-backend/internal/gql/generated.go:522.46,523.9 1 0
make-backend/internal/gql/generated.go:526.3,526.65 1 0
make-backend/internal/gql/generated.go:527.36,528.56 1 0
make-backend/internal/gql/generated.go:528.56,529.9 1 0
make-backend/internal/gql/generated.go:532.3,532.75 1 0
make-backend/internal/gql/generated.go:533.28,534.49 1 0
make-backend/internal/gql/generated.go:534.49,535.9 1 0
make-backend/internal/gql/generated.go:538.3,538.68 1 0
make-backend/internal/gql/generated.go:540.29,541.49 1 0
make-backend/internal/gql/generated.go:541.49,542.9 1 0
make-backend/internal/gql/generated.go:545.3,545.68 1 0
make-backend/internal/gql/generated.go:546.30,547.50 1 0
make-backend/internal/gql/generated.go:547.50,548.9 1 0
make-backend/internal/gql/generated.go:551.3,551.69 1 0
make-backend/internal/gql/generated.go:553.33,554.53 1 0
make-backend/internal/gql/generated.go:554.53,555.9 1 0
make-backend/internal/gql/generated.go:558.3,558.72 1 0
make-backend/internal/gql/generated.go:559.29,560.50 1 0
make-backend/internal/gql/generated.go:560.50,561.9 1 0
make-backend/internal/gql/generated.go:564.3,564.69 1 0
make-backend/internal/gql/generated.go:565.34,566.53 1 0
make-backend/internal/gql/generated.go:566.53,567.9 1 0
make-backend/internal/gql/generated.go:570.3,570.72 1 0
make-backend/internal/gql/generated.go:571.36,572.56 1 0
make-backend/internal/gql/generated.go:572.56,573.9 1 0
make-backend/internal/gql/generated.go:576.3,576.75 1 0
make-backend/internal/gql/generated.go:577.32,578.52 1 0
make-backend/internal/gql/generated.go:578.52,579.9 1 0
make-backend/internal/gql/generated.go:582.3,582.71 1 0
make-backend/internal/gql/generated.go:584.25,585.46 1 0
make-backend/internal/gql/generated.go:585.46,586.9 1 0
make-backend/internal/gql/generated.go:589.3,589.65 1 0
make-backend/internal/gql/generated.go:590.25,591.46 1 0
make-backend/internal/gql/generated.go:591.46,592.9 1 0
make-backend/internal/gql/generated.go:595.3,595.65 1 0
make-backend/internal/gql/generated.go:596.19,597.40 1 0
make-backend/internal/gql/generated.go:597.40,598.9 1 0
make-backend/internal/gql/generated.go:601.3,601.59 1 0
make-backend/internal/gql/generated.go:602.26,603.46 1 0
make-backend/internal/gql/generated.go:603.46,604.9 1 0
make-backend/internal/gql/generated.go:607.3,607.65 1 0
make-backend/internal/gql/generated.go:608.30,609.50 1 0
make-backend/internal/gql/generated.go:609.50,610.9 1 0
make-backend/internal/gql/generated.go:613.3,613.69 1 0
make-backend/internal/gql/generated.go:614.21,615.42 1 0
make-backend/internal/gql/generated.go:615.42,616.9 1 0
make-backend/internal/gql/generated.go:619.3,619.61 1 0
make-backend/internal/gql/generated.go:620.23,621.44 1 0
make-backend/internal/gql/generated.go:621.44,622.9 1 0
make-backend/internal/gql/generated.go:625.3,625.63 1 0
make-backend/internal/gql/generated.go:626.19,627.40 1 0
make-backend/internal/gql/generated.go:627.40,628.9 1 0
make-backend/internal/gql/generated.go:631.3,631.59 1 0
make-backend/internal/gql/generated.go:632.32,633.52 1 0
make-backend/internal/gql/generated.go:633.52,634.9 1 0
make-backend/internal/gql/generated.go:637.3,637.71 1 0
make-backend/internal/gql/generated.go:639.30,640.50 1 0
make-backend/internal/gql/generated.go:640.50,641.9 1 0
make-backend/internal/gql/generated.go:644.3,644.69 1 0
make-backend/internal/gql/generated.go:645.29,646.49 1 0
make-backend/internal/gql/generated.go:646.49,647.9 1 0
make-backend/internal/gql/generated.go:650.3,650.68 1 0
make-backend/internal/gql/generated.go:651.25,652.46 1 0
make-backend/internal/gql/generated.go:652.46,653.9 1 0
make-backend/internal/gql/generated.go:656.3,656.65 1 0
make-backend/internal/gql/generated.go:658.31,659.52 1 0
make-backend/internal/gql/generated.go:659.52,660.9 1 0
make-backend/internal/gql/generated.go:663.3,663.71 1 0
make-backend/internal/gql/generated.go:664.26,665.47 1 0
make-backend/internal/gql/generated.go:665.47,666.9 1 0
make-backend/internal/gql/generated.go:669.3,669.66 1 0
make-backend/internal/gql/generated.go:670.22,671.43 1 0
make-backend/internal/gql/generated.go:671.43,672.9 1 0
make-backend/internal/gql/generated.go:675.3,675.62 1 0
make-backend/internal/gql/generated.go:676.28,677.48 1 0
make-backend/internal/gql/generated.go:677.48,678.9 1 0
make-backend/internal/gql/generated.go:681.3,681.67 1 0
make-backend/internal/gql/generated.go:682.24,683.45 1 0
make-backend/internal/gql/generated.go:683.45,684.9 1 0
make-backend/internal/gql/generated.go:687.3,687.64 1 0
make-backend/internal/gql/generated.go:688.33,689.53 1 0
make-backend/internal/gql/generated.go:689.53,690.9 1 0
make-backend/internal/gql/generated.go:693.3,693.72 1 0
make-backend/internal/gql/generated.go:694.38,695.57 1 0
make-backend/internal/gql/generated.go:695.57,696.9 1 0
make-backend/internal/gql/generated.go:699.3,699.76 1 0
make-backend/internal/gql/generated.go:700.36,701.56 1 0
make-backend/internal/gql/generated.go:701.56,702.9 1 0
make-backend/internal/gql/generated.go:705.3,705.75 1 0
make-backend/internal/gql/generated.go:706.30,707.51 1 0
make-backend/internal/gql/generated.go:707.51,708.9 1 0
make-backend/internal/gql/generated.go:711.3,711.70 1 0
make-backend/internal/gql/generated.go:712.44,713.64 1 0
make-backend/internal/gql/generated.go:713.64,714.9 1 0
make-backend/internal/gql/generated.go:717.3,717.83 1 0
make-backend/internal/gql/generated.go:718.36,719.56 1 0
make-backend/internal/gql/generated.go:719.56,720.9 1 0
make-backend/internal/gql/generated.go:723.3,723.75 1 0
make-backend/internal/gql/generated.go:724.32,725.51 1 0
make-backend/internal/gql/generated.go:725.51,726.9 1 0
make-backend/internal/gql/generated.go:729.3,729.70 1 0
make-backend/internal/gql/generated.go:730.27,731.47 1 0
make-backend/internal/gql/generated.go:731.47,732.9 1 0
make-backend/internal/gql/generated.go:735.3,735.66 1 0
make-backend/internal/gql/generated.go:736.28,737.48 1 0
make-backend/internal/gql/generated.go:737.48,738.9 1 0
make-backend/internal/gql/generated.go:741.3,741.67 1 0
make-backend/internal/gql/generated.go:742.27,743.47 1 0
make-backend/internal/gql/generated.go:743.47,744.9 1 0
make-backend/internal/gql/generated.go:747.3,747.66 1 0
make-backend/internal/gql/generated.go:749.45,750.64 1 0
make-backend/internal/gql/generated.go:750.64,751.9 1 0
make-backend/internal/gql/generated.go:754.3,754.83 1 0
make-backend/internal/gql/generated.go:755.40,756.60 1 0
make-backend/internal/gql/generated.go:756.60,757.9 1 0
make-backend/internal/gql/generated.go:760.3,760.79 1 0
make-backend/internal/gql/generated.go:761.30,762.51 1 0
make-backend/internal/gql/generated.go:762.51,763.9 1 0
make-backend/internal/gql/generated.go:766.3,766.70 1 0
make-backend/internal/gql/generated.go:767.32,768.53 1 0
make-backend/internal/gql/generated.go:768.53,769.9 1 0
make-backend/internal/gql/generated.go:772.3,772.72 1 0
make-backend/internal/gql/generated.go:774.27,775.48 1 0
make-backend/internal/gql/generated.go:775.48,776.9 1 0
make-backend/internal/gql/generated.go:779.3,779.67 1 0
make-backend/internal/gql/generated.go:780.18,781.39 1 0
make-backend/internal/gql/generated.go:781.39,782.9 1 0
make-backend/internal/gql/generated.go:785.3,785.58 1 0
make-backend/internal/gql/generated.go:786.26,787.46 1 0
make-backend/internal/gql/generated.go:787.46,788.9 1 0
make-backend/internal/gql/generated.go:791.3,791.65 1 0
make-backend/internal/gql/generated.go:792.20,793.41 1 0
make-backend/internal/gql/generated.go:793.41,794.9 1 0
make-backend/internal/gql/generated.go:797.3,797.60 1 0
make-backend/internal/gql/generated.go:799.26,800.46 1 0
make-backend/internal/gql/generated.go:800.46,801.9 1 0
make-backend/internal/gql/generated.go:804.3,804.65 1 0
make-backend/internal/gql/generated.go:805.25,806.45 1 0
make-backend/internal/gql/generated.go:806.45,807.9 1 0
make-backend/internal/gql/generated.go:810.3,810.64 1 0
make-backend/internal/gql/generated.go:811.17,812.38 1 0
make-backend/internal/gql/generated.go:812.38,813.9 1 0
make-backend/internal/gql/generated.go:816.3,816.57 1 0
make-backend/internal/gql/generated.go:817.21,818.42 1 0
make-backend/internal/gql/generated.go:818.42,819.9 1 0
make-backend/internal/gql/generated.go:822.3,822.61 1 0
make-backend/internal/gql/generated.go:823.26,824.46 1 0
make-backend/internal/gql/generated.go:824.46,825.9 1 0
make-backend/internal/gql/generated.go:828.3,828.65 1 0
make-backend/internal/gql/generated.go:829.25,830.45 1 0
make-backend/internal/gql/generated.go:830.45,831.9 1 0
make-backend/internal/gql/generated.go:834.3,834.64 1 0
make-backend/internal/gql/generated.go:835.24,836.44 1 0
make-backend/internal/gql/generated.go:836.44,837.9 1 0
make-backend/internal/gql/generated.go:840.3,840.63 1 0
make-backend/internal/gql/generated.go:842.18,843.39 1 0
make-backend/internal/gql/generated.go:843.39,844.9 1 0
make-backend/internal/gql/generated.go:847.3,847.58 1 0
make-backend/internal/gql/generated.go:848.26,849.47 1 0
make-backend/internal/gql/generated.go:849.47,850.9 1 0
make-backend/internal/gql/generated.go:853.3,853.66 1 0
make-backend/internal/gql/generated.go:855.29,856.49 1 0
make-backend/internal/gql/generated.go:856.49,857.9 1 0
make-backend/internal/gql/generated.go:860.3,860.68 1 0
make-backend/internal/gql/generated.go:861.28,862.49 1 0
make-backend/internal/gql/generated.go:862.49,863.9 1 0
make-backend/internal/gql/generated.go:866.3,866.68 1 0
make-backend/internal/gql/generated.go:867.25,868.46 1 0
make-backend/internal/gql/generated.go:868.46,869.9 1 0
make-backend/internal/gql/generated.go:872.3,872.65 1 0
make-backend/internal/gql/generated.go:874.32,875.53 1 0
make-backend/internal/gql/generated.go:875.53,876.9 1 0
make-backend/internal/gql/generated.go:879.3,879.72 1 0
make-backend/internal/gql/generated.go:880.29,881.49 1 0
make-backend/internal/gql/generated.go:881.49,882.9 1 0
make-backend/internal/gql/generated.go:885.3,885.68 1 0
make-backend/internal/gql/generated.go:886.27,887.48 1 0
make-backend/internal/gql/generated.go:887.48,888.9 1 0
make-backend/internal/gql/generated.go:891.3,891.67 1 0
make-backend/internal/gql/generated.go:892.26,893.47 1 0
make-backend/internal/gql/generated.go:893.47,894.9 1 0
make-backend/internal/gql/generated.go:897.3,897.66 1 0
make-backend/internal/gql/generated.go:898.23,899.44 1 0
make-backend/internal/gql/generated.go:899.44,900.9 1 0
make-backend/internal/gql/generated.go:903.3,903.63 1 0
make-backend/internal/gql/generated.go:904.29,905.49 1 0
make-backend/internal/gql/generated.go:905.49,906.9 1 0
make-backend/internal/gql/generated.go:909.3,909.68 1 0
make-backend/internal/gql/generated.go:910.25,911.46 1 0
make-backend/internal/gql/generated.go:911.46,912.9 1 0
make-backend/internal/gql/generated.go:915.3,915.65 1 0
make-backend/internal/gql/generated.go:916.29,917.50 1 0
make-backend/internal/gql/generated.go:917.50,918.9 1 0
make-backend/internal/gql/generated.go:921.3,921.69 1 0
make-backend/internal/gql/generated.go:922.29,923.50 1 0
make-backend/internal/gql/generated.go:923.50,924.9 1 0
make-backend/internal/gql/generated.go:927.3,927.69 1 0
make-backend/internal/gql/generated.go:928.26,929.47 1 0
make-backend/internal/gql/generated.go:929.47,930.9 1 0
make-backend/internal/gql/generated.go:933.3,933.66 1 0
make-backend/internal/gql/generated.go:935.34,936.55 1 0
make-backend/internal/gql/generated.go:936.55,937.9 1 0
make-backend/internal/gql/generated.go:940.3,940.74 1 0
make-backend/internal/gql/generated.go:941.42,942.63 1 0
make-backend/internal/gql/generated.go:942.63,943.9 1 0
make-backend/internal/gql/generated.go:946.3,946.82 1 0
make-backend/internal/gql/generated.go:948.35,949.56 1 0
make-backend/internal/gql/generated.go:949.56,950.9 1 0
make-backend/internal/gql/generated.go:953.3,954.17 2 0
make-backend/internal/gql/generated.go:954.17,956.4 1 0
make-backend/internal/gql/generated.go:958.3,958.121 1 0
make-backend/internal/gql/generated.go:959.35,960.56 1 0
make-backend/internal/gql/generated.go:960.56,961.9 1 0
make-backend/internal/gql/generated.go:964.3,965.17 2 0
make-backend/internal/gql/generated.go:965.17,967.4 1 0
make-backend/internal/gql/generated.go:969.3,969.93 1 0
make-backend/internal/gql/generated.go:971.33,972.54 1 0
make-backend/internal/gql/generated.go:972.54,973.9 1 0
make-backend/internal/gql/generated.go:976.3,976.73 1 0
make-backend/internal/gql/generated.go:977.30,978.50 1 0
make-backend/internal/gql/generated.go:978.50,979.9 1 0
make-backend/internal/gql/generated.go:982.3,982.69 1 0
make-backend/internal/gql/generated.go:983.29,984.50 1 0
make-backend/internal/gql/generated.go:984.50,985.9 1 0
make-backend/internal/gql/generated.go:988.3,988.69 1 0
make-backend/internal/gql/generated.go:989.26,990.47 1 0
make-backend/internal/gql/generated.go:990.47,991.9 1 0
make-backend/internal/gql/generated.go:994.3,994.66 1 0
make-backend/internal/gql/generated.go:995.29,996.50 1 0
make-backend/internal/gql/generated.go:996.50,997.9 1 0
make-backend/internal/gql/generated.go:1000.3,1000.69 1 0
make-backend/internal/gql/generated.go:1001.26,1002.47 1 0
make-backend/internal/gql/generated.go:1002.47,1003.9 1 0
make-backend/internal/gql/generated.go:1006.3,1006.66 1 0
make-backend/internal/gql/generated.go:1008.35,1009.56 1 0
make-backend/internal/gql/generated.go:1009.56,1010.9 1 0
make-backend/internal/gql/generated.go:1013.3,1013.75 1 0
make-backend/internal/gql/generated.go:1014.32,1015.53 1 0
make-backend/internal/gql/generated.go:1015.53,1016.9 1 0
make-backend/internal/gql/generated.go:1019.3,1019.72 1 0
make-backend/internal/gql/generated.go:1021.35,1022.55 1 0
make-backend/internal/gql/generated.go:1022.55,1023.9 1 0
make-backend/internal/gql/generated.go:1026.3,1026.74 1 0
make-backend/internal/gql/generated.go:1027.28,1028.49 1 0
make-backend/internal/gql/generated.go:1028.49,1029.9 1 0
make-backend/internal/gql/generated.go:1032.3,1032.68 1 0
make-backend/internal/gql/generated.go:1033.25,1034.46 1 0
make-backend/internal/gql/generated.go:1034.46,1035.9 1 0
make-backend/internal/gql/generated.go:1038.3,1038.65 1 0
make-backend/internal/gql/generated.go:1039.28,1040.49 1 0
make-backend/internal/gql/generated.go:1040.49,1041.9 1 0
make-backend/internal/gql/generated.go:1044.3,1044.68 1 0
make-backend/internal/gql/generated.go:1046.28,1047.49 1 0
make-backend/internal/gql/generated.go:1047.49,1048.9 1 0
make-backend/internal/gql/generated.go:1051.3,1052.17 2 0
make-backend/internal/gql/generated.go:1052.17,1054.4 1 0
make-backend/internal/gql/generated.go:1056.3,1056.86 1 0
make-backend/internal/gql/generated.go:1057.35,1058.56 1 0
make-backend/internal/gql/generated.go:1058.56,1059.9 1 0
make-backend/internal/gql/generated.go:1062.3,1063.17 2 0
make-backend/internal/gql/generated.go:1063.17,1065.4 1 0
make-backend/internal/gql/generated.go:1067.3,1067.123 1 0
make-backend/internal/gql/generated.go:1068.34,1069.55 1 0
make-backend/internal/gql/generated.go:1069.55,1070.9 1 0
make-backend/internal/gql/generated.go:1073.3,1074.17 2 0
make-backend/internal/gql/generated.go:1074.17,1076.4 1 0
make-backend/internal/gql/generated.go:1078.3,1078.122 1 0
make-backend/internal/gql/generated.go:1079.27,1080.48 1 0
make-backend/internal/gql/generated.go:1080.48,1081.9 1 0
make-backend/internal/gql/generated.go:1084.3,1084.67 1 0
make-backend/internal/gql/generated.go:1085.22,1086.43 1 0
make-backend/internal/gql/generated.go:1086.43,1087.9 1 0
make-backend/internal/gql/generated.go:1090.3,1091.17 2 0
make-backend/internal/gql/generated.go:1091.17,1093.4 1 0
make-backend/internal/gql/generated.go:1095.3,1095.80 1 0
make-backend/internal/gql/generated.go:1096.25,1097.46 1 0
make-backend/internal/gql/generated.go:1097.46,1098.9 1 0
make-backend/internal/gql/generated.go:1101.3,1102.17 2 0
make-backend/internal/gql/generated.go:1102.17,1104.4 1 0
make-backend/internal/gql/generated.go:1106.3,1106.83 1 0
make-backend/internal/gql/generated.go:1108.29,1109.50 1 0
make-backend/internal/gql/generated.go:1109.50,1110.9 1 0
make-backend/internal/gql/generated.go:1113.3,1114.17 2 0
make-backend/internal/gql/generated.go:1114.17,1116.4 1 0
make-backend/internal/gql/generated.go:1118.3,1118.114 1 0
make-backend/internal/gql/generated.go:1119.37,1120.58 1 0
make-backend/internal/gql/generated.go:1120.58,1121.9 1 0
make-backend/internal/gql/generated.go:1124.3,1125.17 2 0
make-backend/internal/gql/generated.go:1125.17,1127.4 1 0
make-backend/internal/gql/generated.go:1129.3,1129.122 1 0
make-backend/internal/gql/generated.go:1130.26,1131.47 1 0
make-backend/internal/gql/generated.go:1131.47,1132.9 1 0
make-backend/internal/gql/generated.go:1135.3,1136.17 2 0
make-backend/internal/gql/generated.go:1136.17,1138.4 1 0
make-backend/internal/gql/generated.go:1140.3,1140.84 1 0
make-backend/internal/gql/generated.go:1141.30,1142.51 1 0
make-backend/internal/gql/generated.go:1142.51,1143.9 1 0
make-backend/internal/gql/generated.go:1146.3,1147.17 2 0
make-backend/internal/gql/generated.go:1147.17,1149.4 1 0
make-backend/internal/gql/generated.go:1151.3,1151.93 1 0
make-backend/internal/gql/generated.go:1152.20,1153.41 1 0
make-backend/internal/gql/generated.go:1153.41,1154.9 1 0
make-backend/internal/gql/generated.go:1157.3,1158.17 2 0
make-backend/internal/gql/generated.go:1158.17,1160.4 1 0
make-backend/internal/gql/generated.go:1162.3,1162.78 1 0
make-backend/internal/gql/generated.go:1163.20,1164.41 1 0
make-backend/internal/gql/generated.go:1164.41,1165.9 1 0
make-backend/internal/gql/generated.go:1168.3,1169.17 2 0
make-backend/internal/gql/generated.go:1169.17,1171.4 1 0
make-backend/internal/gql/generated.go:1173.3,1173.78 1 0
make-backend/internal/gql/generated.go:1174.35,1175.56 1 0
make-backend/internal/gql/generated.go:1175.56,1176.9 1 0
make-backend/internal/gql/generated.go:1179.3,1180.17 2 0
make-backend/internal/gql/generated.go:1180.17,1182.4 1 0
make-backend/internal/gql/generated.go:1184.3,1184.104 1 0
make-backend/internal/gql/generated.go:1186.30,1187.51 1 0
make-backend/internal/gql/generated.go:1187.51,1188.9 1 0
make-backend/internal/gql/generated.go:1191.3,1191.70 1 0
make-backend/internal/gql/generated.go:1192.33,1193.54 1 0
make-backend/internal/gql/generated.go:1193.54,1194.9 1 0
make-backend/internal/gql/generated.go:1197.3,1197.73 1 0
make-backend/internal/gql/generated.go:1198.30,1199.50 1 0
make-backend/internal/gql/generated.go:1199.50,1200.9 1 0
make-backend/internal/gql/generated.go:1203.3,1203.69 1 0
make-backend/internal/gql/generated.go:1204.34,1205.54 1 0
make-backend/internal/gql/generated.go:1205.54,1206.9 1 0
make-backend/internal/gql/generated.go:1209.3,1209.73 1 0
make-backend/internal/gql/generated.go:1210.24,1211.45 1 0
make-backend/internal/gql/generated.go:1211.45,1212.9 1 0
make-backend/internal/gql/generated.go:1215.3,1215.64 1 0
make-backend/internal/gql/generated.go:1216.37,1217.57 1 0
make-backend/internal/gql/generated.go:1217.57,1218.9 1 0
make-backend/internal/gql/generated.go:1221.3,1221.76 1 0
make-backend/internal/gql/generated.go:1222.32,1223.52 1 0
make-backend/internal/gql/generated.go:1223.52,1224.9 1 0
make-backend/internal/gql/generated.go:1227.3,1227.71 1 0
make-backend/internal/gql/generated.go:1228.29,1229.49 1 0
make-backend/internal/gql/generated.go:1229.49,1230.9 1 0
make-backend/internal/gql/generated.go:1233.3,1233.68 1 0
make-backend/internal/gql/generated.go:1235.33,1236.53 1 0
make-backend/internal/gql/generated.go:1236.53,1237.9 1 0
make-backend/internal/gql/generated.go:1240.3,1240.72 1 0
make-backend/internal/gql/generated.go:1241.32,1242.52 1 0
make-backend/internal/gql/generated.go:1242.52,1243.9 1 0
make-backend/internal/gql/generated.go:1246.3,1246.71 1 0
make-backend/internal/gql/generated.go:1247.24,1248.45 1 0
make-backend/internal/gql/generated.go:1248.45,1249.9 1 0
make-backend/internal/gql/generated.go:1252.3,1252.64 1 0
make-backend/internal/gql/generated.go:1253.35,1254.55 1 0
make-backend/internal/gql/generated.go:1254.55,1255.9 1 0
make-backend/internal/gql/generated.go:1258.3,1258.74 1 0
make-backend/internal/gql/generated.go:1259.28,1260.49 1 0
make-backend/internal/gql/generated.go:1260.49,1261.9 1 0
make-backend/internal/gql/generated.go:1264.3,1264.68 1 0
make-backend/internal/gql/generated.go:1265.31,1266.51 1 0
make-backend/internal/gql/generated.go:1266.51,1267.9 1 0
make-backend/internal/gql/generated.go:1270.3,1270.70 1 0
make-backend/internal/gql/generated.go:1272.38,1273.59 1 0
make-backend/internal/gql/generated.go:1273.59,1274.9 1 0
make-backend/internal/gql/generated.go:1277.3,1277.78 1 0
make-backend/internal/gql/generated.go:1278.33,1279.54 1 0
make-backend/internal/gql/generated.go:1279.54,1280.9 1 0
make-backend/internal/gql/generated.go:1283.3,1283.73 1 0
make-backend/internal/gql/generated.go:1284.35,1285.55 1 0
make-backend/internal/gql/generated.go:1285.55,1286.9 1 0
make-backend/internal/gql/generated.go:1289.3,1289.74 1 0
make-backend/internal/gql/generated.go:1290.34,1291.55 1 0
make-backend/internal/gql/generated.go:1291.55,1292.9 1 0
make-backend/internal/gql/generated.go:1295.3,1295.74 1 0
make-backend/internal/gql/generated.go:1296.31,1297.52 1 0
make-backend/internal/gql/generated.go:1297.52,1298.9 1 0
make-backend/internal/gql/generated.go:1301.3,1301.71 1 0
make-backend/internal/gql/generated.go:1302.31,1303.52 1 0
make-backend/internal/gql/generated.go:1303.52,1304.9 1 0
make-backend/internal/gql/generated.go:1307.3,1307.71 1 0
make-backend/internal/gql/generated.go:1309.33,1310.53 1 0
make-backend/internal/gql/generated.go:1310.53,1311.9 1 0
make-backend/internal/gql/generated.go:1314.3,1314.72 1 0
make-backend/internal/gql/generated.go:1315.29,1316.50 1 0
make-backend/internal/gql/generated.go:1316.50,1317.9 1 0
make-backend/internal/gql/generated.go:1320.3,1320.69 1 0
make-backend/internal/gql/generated.go:1321.36,1322.56 1 0
make-backend/internal/gql/generated.go:1322.56,1323.9 1 0
make-backend/internal/gql/generated.go:1326.3,1326.75 1 0
make-backend/internal/gql/generated.go:1327.32,1328.52 1 0
make-backend/internal/gql/generated.go:1328.52,1329.9 1 0
make-backend/internal/gql/generated.go:1332.3,1332.71 1 0
make-backend/internal/gql/generated.go:1333.35,1334.55 1 0
make-backend/internal/gql/generated.go:1334.55,1335.9 1 0
make-backend/internal/gql/generated.go:1338.3,1338.74 1 0
make-backend/internal/gql/generated.go:1340.27,1341.47 1 0
make-backend/internal/gql/generated.go:1341.47,1342.9 1 0
make-backend/internal/gql/generated.go:1345.3,1345.66 1 0
make-backend/internal/gql/generated.go:1346.21,1347.42 1 0
make-backend/internal/gql/generated.go:1347.42,1348.9 1 0
make-backend/internal/gql/generated.go:1351.3,1351.61 1 0
make-backend/internal/gql/generated.go:1352.25,1353.46 1 0
make-backend/internal/gql/generated.go:1353.46,1354.9 1 0
make-backend/internal/gql/generated.go:1357.3,1357.65 1 0
make-backend/internal/gql/generated.go:1358.26,1359.46 1 0
make-backend/internal/gql/generated.go:1359.46,1360.9 1 0
make-backend/internal/gql/generated.go:1363.3,1363.65 1 0
make-backend/internal/gql/generated.go:1365.28,1366.48 1 0
make-backend/internal/gql/generated.go:1366.48,1367.9 1 0
make-backend/internal/gql/generated.go:1370.3,1370.67 1 0
make-backend/internal/gql/generated.go:1371.27,1372.48 1 0
make-backend/internal/gql/generated.go:1372.48,1373.9 1 0
make-backend/internal/gql/generated.go:1376.3,1376.67 1 0
make-backend/internal/gql/generated.go:1377.24,1378.45 1 0
make-backend/internal/gql/generated.go:1378.45,1379.9 1 0
make-backend/internal/gql/generated.go:1382.3,1382.64 1 0
make-backend/internal/gql/generated.go:1384.25,1385.46 1 0
make-backend/internal/gql/generated.go:1385.46,1386.9 1 0
make-backend/internal/gql/generated.go:1389.3,1389.65 1 0
make-backend/internal/gql/generated.go:1390.21,1391.42 1 0
make-backend/internal/gql/generated.go:1391.42,1392.9 1 0
make-backend/internal/gql/generated.go:1395.3,1395.61 1 0
make-backend/internal/gql/generated.go:1396.32,1397.52 1 0
make-backend/internal/gql/generated.go:1397.52,1398.9 1 0
make-backend/internal/gql/generated.go:1401.3,1401.71 1 0
make-backend/internal/gql/generated.go:1402.23,1403.44 1 0
make-backend/internal/gql/generated.go:1403.44,1404.9 1 0
make-backend/internal/gql/generated.go:1407.3,1407.63 1 0
make-backend/internal/gql/generated.go:1409.20,1410.41 1 0
make-backend/internal/gql/generated.go:1410.41,1411.9 1 0
make-backend/internal/gql/generated.go:1414.3,1414.60 1 0
make-backend/internal/gql/generated.go:1415.23,1416.44 1 0
make-backend/internal/gql/generated.go:1416.44,1417.9 1 0
make-backend/internal/gql/generated.go:1420.3,1420.63 1 0
make-backend/internal/gql/generated.go:1421.23,1422.43 1 0
make-backend/internal/gql/generated.go:1422.43,1423.9 1 0
make-backend/internal/gql/generated.go:1426.3,1426.62 1 0
make-backend/internal/gql/generated.go:1427.20,1428.41 1 0
make-backend/internal/gql/generated.go:1428.41,1429.9 1 0
make-backend/internal/gql/generated.go:1432.3,1432.60 1 0
make-backend/internal/gql/generated.go:1433.24,1434.45 1 0
make-backend/internal/gql/generated.go:1434.45,1435.9 1 0
make-backend/internal/gql/generated.go:1438.3,1438.64 1 0
make-backend/internal/gql/generated.go:1439.28,1440.48 1 0
make-backend/internal/gql/generated.go:1440.48,1441.9 1 0
make-backend/internal/gql/generated.go:1444.3,1444.67 1 0
make-backend/internal/gql/generated.go:1445.17,1446.38 1 0
make-backend/internal/gql/generated.go:1446.38,1447.9 1 0
make-backend/internal/gql/generated.go:1450.3,1450.57 1 0
make-backend/internal/gql/generated.go:1451.24,1452.44 1 0
make-backend/internal/gql/generated.go:1452.44,1453.9 1 0
make-backend/internal/gql/generated.go:1456.3,1456.63 1 0
make-backend/internal/gql/generated.go:1457.23,1458.44 1 0
make-backend/internal/gql/generated.go:1458.44,1459.9 1 0
make-backend/internal/gql/generated.go:1462.3,1462.63 1 0
make-backend/internal/gql/generated.go:1463.20,1464.41 1 0
make-backend/internal/gql/generated.go:1464.41,1465.9 1 0
make-backend/internal/gql/generated.go:1468.3,1468.60 1 0
make-backend/internal/gql/generated.go:1469.23,1470.44 1 0
make-backend/internal/gql/generated.go:1470.44,1471.9 1 0
make-backend/internal/gql/generated.go:1474.3,1474.63 1 0
make-backend/internal/gql/generated.go:1475.29,1476.49 1 0
make-backend/internal/gql/generated.go:1476.49,1477.9 1 0
make-backend/internal/gql/generated.go:1480.3,1480.68 1 0
make-backend/internal/gql/generated.go:1482.21,1483.42 1 0
make-backend/internal/gql/generated.go:1483.42,1484.9 1 0
make-backend/internal/gql/generated.go:1487.3,1487.61 1 0
make-backend/internal/gql/generated.go:1488.17,1489.38 1 0
make-backend/internal/gql/generated.go:1489.38,1490.9 1 0
make-backend/internal/gql/generated.go:1493.3,1493.57 1 0
make-backend/internal/gql/generated.go:1494.28,1495.48 1 0
make-backend/internal/gql/generated.go:1495.48,1496.9 1 0
make-backend/internal/gql/generated.go:1499.3,1499.67 1 0
make-backend/internal/gql/generated.go:1500.19,1501.40 1 0
make-backend/internal/gql/generated.go:1501.40,1502.9 1 0
make-backend/internal/gql/generated.go:1505.3,1505.59 1 0
make-backend/internal/gql/generated.go:1508.2,1508.17 1 0
make-backend/internal/gql/generated.go:1511.78,1517.35 5 0
make-backend/internal/gql/generated.go:1518.17,1519.54 1 0
make-backend/internal/gql/generated.go:1519.54,1522.13 3 0
make-backend/internal/gql/generated.go:1522.13,1526.5 3 0
make-backend/internal/gql/generated.go:1526.10,1527.50 1 0
make-backend/internal/gql/generated.go:1527.50,1534.6 6 0
make-backend/internal/gql/generated.go:1534.11,1536.6 1 0
make-backend/internal/gql/generated.go:1538.4,1541.42 4 0
make-backend/internal/gql/generated.go:1541.42,1544.5 2 0
make-backend/internal/gql/generated.go:1546.4,1546.20 1 0
make-backend/internal/gql/generated.go:1548.20,1549.54 1 0
make-backend/internal/gql/generated.go:1549.54,1550.14 1 0
make-backend/internal/gql/generated.go:1550.14,1552.5 1 0
make-backend/internal/gql/generated.go:1553.4,1561.5 6 0
make-backend/internal/gql/generated.go:1564.10,1565.86 1 0
make-backend/internal/gql/generated.go:1577.21,1586.2 1 0
make-backend/internal/gql/generated.go:1591.41,1593.16 2 0
make-backend/internal/gql/generated.go:1593.16,1594.68 1 0
make-backend/internal/gql/generated.go:1596.2,1596.21 1 0
make-backend/internal/gql/generated.go:1624.139,1625.20 1 0
make-backend/internal/gql/generated.go:1626.12,1627.56 1 0
make-backend/internal/gql/generated.go:1628.14,1629.58 1 0
make-backend/internal/gql/generated.go:1630.18,1631.62 1 0
make-backend/internal/gql/generated.go:1633.2,1633.94 1 0
make-backend/internal/gql/generated.go:1636.140,1637.20 1 0
make-backend/internal/gql/generated.go:1638.12,1639.57 1 0
make-backend/internal/gql/generated.go:1640.20,1641.65 1 0
make-backend/internal/gql/generated.go:1643.2,1643.95 1 0
make-backend/internal/gql/generated.go:1646.136,1647.20 1 0
make-backend/internal/gql/generated.go:1648.16,1649.57 1 0
make-backend/internal/gql/generated.go:1650.18,1651.59 1 0
make-backend/internal/gql/generated.go:1652.23,1653.64 1 0
make-backend/internal/gql/generated.go:1654.26,1655.67 1 0
make-backend/internal/gql/generated.go:1656.21,1657.62 1 0
make-backend/internal/gql/generated.go:1658.23,1659.64 1 0
make-backend/internal/gql/generated.go:1660.15,1661.56 1 0
make-backend/internal/gql/generated.go:1662.27,1663.68 1 0
make-backend/internal/gql/generated.go:1664.29,1665.70 1 0
make-backend/internal/gql/generated.go:1667.2,1667.91 1 0
make-backend/internal/gql/generated.go:1670.141,1671.20 1 0
make-backend/internal/gql/generated.go:1672.24,1673.70 1 0
make-backend/internal/gql/generated.go:1674.29,1675.75 1 0
make-backend/internal/gql/generated.go:1676.19,1677.65 1 0
make-backend/internal/gql/generated.go:1679.2,1679.96 1 0
make-backend/internal/gql/generated.go:1682.130,1683.20 1 0
make-backend/internal/gql/generated.go:1684.12,1685.47 1 0
make-backend/internal/gql/generated.go:1686.14,1687.49 1 0
make-backend/internal/gql/generated.go:1688.12,1689.47 1 0
make-backend/internal/gql/generated.go:1690.16,1691.51 1 0
make-backend/internal/gql/generated.go:1692.18,1693.53 1 0
make-backend/internal/gql/generated.go:1694.18,1695.53 1 0
make-backend/internal/gql/generated.go:1696.25,1697.60 1 0
make-backend/internal/gql/generated.go:1698.19,1699.54 1 0
make-backend/internal/gql/generated.go:1700.23,1701.58 1 0
make-backend/internal/gql/generated.go:1703.2,1703.85 1 0
make-backend/internal/gql/generated.go:1706.129,1707.20 1 0
make-backend/internal/gql/generated.go:1708.12,1709.46 1 0
make-backend/internal/gql/generated.go:1710.20,1711.54 1 0
make-backend/internal/gql/generated.go:1712.14,1713.48 1 0
make-backend/internal/gql/generated.go:1714.21,1715.55 1 0
make-backend/internal/gql/generated.go:1717.2,1717.84 1 0
make-backend/internal/gql/generated.go:1720.134,1721.20 1 0
make-backend/internal/gql/generated.go:1722.12,1723.51 1 0
make-backend/internal/gql/generated.go:1724.14,1725.53 1 0
make-backend/internal/gql/generated.go:1726.18,1727.57 1 0
make-backend/internal/gql/generated.go:1728.21,1729.60 1 0
make-backend/internal/gql/generated.go:1730.18,1731.57 1 0
make-backend/internal/gql/generated.go:1732.18,1733.57 1 0
make-backend/internal/gql/generated.go:1734.16,1735.55 1 0
make-backend/internal/gql/generated.go:1736.18,1737.57 1 0
make-backend/internal/gql/generated.go:1738.15,1739.54 1 0
make-backend/internal/gql/generated.go:1740.15,1741.54 1 0
make-backend/internal/gql/generated.go:1743.2,1743.89 1 0
make-backend/internal/gql/generated.go:1746.141,1747.20 1 0
make-backend/internal/gql/generated.go:1748.16,1749.62 1 0
make-backend/internal/gql/generated.go:1750.24,1751.70 1 0
make-backend/internal/gql/generated.go:1753.2,1753.96 1 0
make-backend/internal/gql/generated.go:1756.141,1757.20 1 0
make-backend/internal/gql/generated.go:1758.14,1759.60 1 0
make-backend/internal/gql/generated.go:1760.17,1761.63 1 0
make-backend/internal/gql/generated.go:1763.2,1763.96 1 0
make-backend/internal/gql/generated.go:1766.128,1767.20 1 0
make-backend/internal/gql/generated.go:1768.12,1769.45 1 0
make-backend/internal/gql/generated.go:1770.15,1771.48 1 0
make-backend/internal/gql/generated.go:1772.19,1773.52 1 0
make-backend/internal/gql/generated.go:1774.18,1775.51 1 0
make-backend/internal/gql/generated.go:1776.18,1777.51 1 0
make-backend/internal/gql/generated.go:1778.19,1779.52 1 0
make-backend/internal/gql/generated.go:1780.24,1781.57 1 0
make-backend/internal/gql/generated.go:1782.18,1783.51 1 0
make-backend/internal/gql/generated.go:1784.15,1785.48 1 0
make-backend/internal/gql/generated.go:1786.15,1787.48 1 0
make-backend/internal/gql/generated.go:1788.23,1789.56 1 0
make-backend/internal/gql/generated.go:1790.18,1791.51 1 0
make-backend/internal/gql/generated.go:1793.2,1793.83 1 0
make-backend/internal/gql/generated.go:1796.128,1797.20 1 0
make-backend/internal/gql/generated.go:1798.12,1799.45 1 0
make-backend/internal/gql/generated.go:1800.23,1801.56 1 0
make-backend/internal/gql/generated.go:1802.14,1803.47 1 0
make-backend/internal/gql/generated.go:1804.16,1805.49 1 0
make-backend/internal/gql/generated.go:1807.2,1807.83 1 0
make-backend/internal/gql/generated.go:1810.135,1811.20 1 0
make-backend/internal/gql/generated.go:1812.14,1813.54 1 0
make-backend/internal/gql/generated.go:1814.21,1815.61 1 0
make-backend/internal/gql/generated.go:1816.22,1817.62 1 0
make-backend/internal/gql/generated.go:1818.19,1819.59 1 0
make-backend/internal/gql/generated.go:1820.14,1821.54 1 0
make-backend/internal/gql/generated.go:1823.2,1823.90 1 0
make-backend/internal/gql/generated.go:1826.135,1827.20 1 0
make-backend/internal/gql/generated.go:1828.14,1829.54 1 0
make-backend/internal/gql/generated.go:1830.21,1831.61 1 0
make-backend/internal/gql/generated.go:1832.22,1833.62 1 0
[...]
make-backend/internal/gql/generated.go:10567.2,10567.31 1 0
make-backend/internal/gql/generated.go:10570.191,10574.2 3 0
make-backend/internal/gql/generated.go:10576.216,10578.2 1 0
make-backend/internal/gql/generated.go:10580.87,10583.2 2 0
make-backend/internal/gql/generated.go:10585.112,10588.25 3 0
make-backend/internal/gql/generated.go:10588.25,10589.64 1 0
make-backend/internal/gql/generated.go:10589.64,10591.4 1 0
make-backend/internal/gql/generated.go:10593.2,10593.12 1 0
make-backend/internal/gql/generated.go:10596.88,10599.2 2 0
make-backend/internal/gql/generated.go:10601.113,10604.25 3 0
make-backend/internal/gql/generated.go:10604.25,10605.64 1 0
make-backend/internal/gql/generated.go:10605.64,10607.4 1 0
make-backend/internal/gql/generated.go:10609.2,10609.12 1 0
make-backend/internal/gql/generated.go:10612.204,10613.14 1 0
make-backend/internal/gql/generated.go:10613.14,10614.64 1 0
make-backend/internal/gql/generated.go:10614.64,10616.4 1 0
make-backend/internal/gql/generated.go:10617.3,10617.22 1 0
make-backend/internal/gql/generated.go:10619.2,10619.41 1 0
make-backend/internal/gql/generated.go:10622.212,10623.116 1 0
make-backend/internal/gql/generated.go:10623.116,10627.3 3 0
make-backend/internal/gql/generated.go:10629.2,10629.24 1 0
make-backend/internal/gql/generated.go:10629.24,10630.24 1 0
make-backend/internal/gql/generated.go:10630.24,10632.4 1 0
make-backend/internal/gql/generated.go:10635.2,10635.12 1 0
make-backend/internal/gql/generated.go:10638.222,10639.116 1 0
make-backend/internal/gql/generated.go:10639.116,10643.3 3 0
make-backend/internal/gql/generated.go:10645.2,10645.24 1 0
make-backend/internal/gql/generated.go:10645.24,10646.24 1 0
make-backend/internal/gql/generated.go:10646.24,10648.4 1 0
make-backend/internal/gql/generated.go:10651.2,10651.12 1 0
make-backend/internal/gql/generated.go:10654.214,10655.14 1 0
make-backend/internal/gql/generated.go:10655.14,10656.64 1 0
make-backend/internal/gql/generated.go:10656.64,10658.4 1 0
make-backend/internal/gql/generated.go:10659.3,10659.22 1 0
make-backend/internal/gql/generated.go:10661.2,10661.43 1 0
make-backend/internal/gql/generated.go:10664.210,10666.2 1 0
make-backend/internal/gql/generated.go:10668.218,10669.116 1 0
make-backend/internal/gql/generated.go:10669.116,10673.3 3 0
make-backend/internal/gql/generated.go:10675.2,10675.24 1 0
make-backend/internal/gql/generated.go:10675.24,10676.24 1 0
make-backend/internal/gql/generated.go:10676.24,10678.4 1 0
make-backend/internal/gql/generated.go:10681.2,10681.12 1 0
make-backend/internal/gql/generated.go:10684.97,10687.2 2 0
make-backend/internal/gql/generated.go:10689.122,10692.25 3 0
make-backend/internal/gql/generated.go:10692.25,10693.64 1 0
make-backend/internal/gql/generated.go:10693.64,10695.4 1 0
make-backend/internal/gql/generated.go:10697.2,10697.12 1 0
make-backend/internal/gql/generated.go:10700.103,10703.2 2 0
make-backend/internal/gql/generated.go:10705.128,10708.25 3 0
make-backend/internal/gql/generated.go:10708.25,10709.64 1 0
make-backend/internal/gql/generated.go:10709.64,10711.4 1 0
make-backend/internal/gql/generated.go:10713.2,10713.12 1 0
make-backend/internal/gql/generated.go:10716.198,10717.14 1 0
make-backend/internal/gql/generated.go:10717.14,10718.64 1 0
make-backend/internal/gql/generated.go:10718.64,10720.4 1 0
make-backend/internal/gql/generated.go:10721.3,10721.22 1 0
make-backend/internal/gql/generated.go:10723.2,10723.39 1 0
make-backend/internal/gql/generated.go:10726.206,10727.116 1 0
make-backend/internal/gql/generated.go:10727.116,10731.3 3 0
make-backend/internal/gql/generated.go:10733.2,10733.24 1 0
make-backend/internal/gql/generated.go:10733.24,10734.24 1 0
make-backend/internal/gql/generated.go:10734.24,10736.4 1 0
make-backend/internal/gql/generated.go:10739.2,10739.12 1 0
make-backend/internal/gql/generated.go:10742.171,10744.2 1 0
make-backend/internal/gql/generated.go:10746.175,10747.14 1 0
make-backend/internal/gql/generated.go:10747.14,10748.64 1 0
make-backend/internal/gql/generated.go:10748.64,10750.4 1 0
make-backend/internal/gql/generated.go:10751.3,10751.22 1 0
make-backend/internal/gql/generated.go:10753.2,10753.30 1 0
make-backend/internal/gql/generated.go:10756.171,10758.2 1 0
make-backend/internal/gql/generated.go:10760.183,10761.116 1 0
make-backend/internal/gql/generated.go:10761.116,10765.3 3 0
make-backend/internal/gql/generated.go:10767.2,10767.24 1 0
make-backend/internal/gql/generated.go:10767.24,10768.24 1 0
make-backend/internal/gql/generated.go:10768.24,10770.4 1 0
make-backend/internal/gql/generated.go:10773.2,10773.12 1 0
make-backend/internal/gql/generated.go:10776.175,10777.14 1 0
make-backend/internal/gql/generated.go:10777.14,10778.64 1 0
make-backend/internal/gql/generated.go:10778.64,10780.4 1 0
make-backend/internal/gql/generated.go:10781.3,10781.22 1 0
make-backend/internal/gql/generated.go:10783.2,10783.30 1 0
make-backend/internal/gql/generated.go:10786.209,10788.2 1 0
make-backend/internal/gql/generated.go:10790.217,10791.116 1 0
make-backend/internal/gql/generated.go:10791.116,10795.3 3 0
make-backend/internal/gql/generated.go:10797.2,10797.24 1 0
make-backend/internal/gql/generated.go:10797.24,10798.24 1 0
make-backend/internal/gql/generated.go:10798.24,10800.4 1 0
make-backend/internal/gql/generated.go:10803.2,10803.12 1 0
make-backend/internal/gql/generated.go:10806.110,10809.2 2 0
make-backend/internal/gql/generated.go:10811.135,10814.25 3 0
make-backend/internal/gql/generated.go:10814.25,10815.64 1 0
make-backend/internal/gql/generated.go:10815.64,10817.4 1 0
make-backend/internal/gql/generated.go:10819.2,10819.12 1 0
make-backend/internal/gql/generated.go:10822.118,10827.24 5 0
make-backend/internal/gql/generated.go:10827.24,10830.17 3 0
make-backend/internal/gql/generated.go:10830.17,10832.4 1 0
make-backend/internal/gql/generated.go:10834.2,10834.17 1 0
make-backend/internal/gql/generated.go:10837.143,10838.116 1 0
make-backend/internal/gql/generated.go:10838.116,10842.3 3 0
make-backend/internal/gql/generated.go:10844.2,10844.24 1 0
make-backend/internal/gql/generated.go:10844.24,10845.24 1 0
make-backend/internal/gql/generated.go:10845.24,10847.4 1 0
make-backend/internal/gql/generated.go:10850.2,10850.12 1 0
make-backend/internal/gql/generated.go:10853.209,10855.2 1 0
make-backend/internal/gql/generated.go:10857.197,10859.2 1 0
make-backend/internal/gql/generated.go:10861.212,10863.2 1 0
make-backend/internal/gql/generated.go:10865.220,10866.116 1 0
make-backend/internal/gql/generated.go:10866.116,10870.3 3 0
make-backend/internal/gql/generated.go:10872.2,10872.24 1 0
make-backend/internal/gql/generated.go:10872.24,10873.24 1 0
make-backend/internal/gql/generated.go:10873.24,10875.4 1 0
make-backend/internal/gql/generated.go:10878.2,10878.12 1 0
make-backend/internal/gql/generated.go:10881.194,10883.2 1 0
make-backend/internal/gql/generated.go:10885.202,10886.116 1 0
make-backend/internal/gql/generated.go:10886.116,10890.3 3 0
make-backend/internal/gql/generated.go:10892.2,10892.24 1 0
make-backend/internal/gql/generated.go:10892.24,10893.24 1 0
make-backend/internal/gql/generated.go:10893.24,10895.4 1 0
make-backend/internal/gql/generated.go:10898.2,10898.12 1 0
make-backend/internal/gql/generated.go:10901.198,10902.14 1 0
make-backend/internal/gql/generated.go:10902.14,10903.64 1 0
make-backend/internal/gql/generated.go:10903.64,10905.4 1 0
make-backend/internal/gql/generated.go:10906.3,10906.22 1 0
make-backend/internal/gql/generated.go:10908.2,10908.32 1 0
make-backend/internal/gql/generated.go:10911.101,10914.2 2 0
make-backend/internal/gql/generated.go:10916.126,10919.25 3 0
make-backend/internal/gql/generated.go:10919.25,10920.64 1 0
make-backend/internal/gql/generated.go:10920.64,10922.4 1 0
make-backend/internal/gql/generated.go:10924.2,10924.12 1 0
make-backend/internal/gql/generated.go:10927.192,10928.14 1 0
make-backend/internal/gql/generated.go:10928.14,10930.3 1 0
make-backend/internal/gql/generated.go:10931.2,10933.44 3 0
make-backend/internal/gql/generated.go:10936.217,10937.14 1 0
make-backend/internal/gql/generated.go:10937.14,10939.3 1 0
make-backend/internal/gql/generated.go:10940.2,10943.12 4 0
make-backend/internal/gql/generated.go:10946.211,10947.14 1 0
make-backend/internal/gql/generated.go:10947.14,10949.3 1 0
make-backend/internal/gql/generated.go:10950.2,10950.42 1 0
make-backend/internal/gql/generated.go:10953.199,10954.14 1 0
make-backend/internal/gql/generated.go:10954.14,10956.3 1 0
make-backend/internal/gql/generated.go:10957.2,10957.38 1 0
make-backend/internal/gql/generated.go:10960.94,10963.2 2 0
make-backend/internal/gql/generated.go:10965.119,10970.2 4 0
make-backend/internal/gql/generated.go:10972.98,10973.14 1 0
make-backend/internal/gql/generated.go:10973.14,10975.3 1 0
make-backend/internal/gql/generated.go:10976.2,10977.44 2 0
make-backend/internal/gql/generated.go:10980.123,10981.14 1 0
make-backend/internal/gql/generated.go:10981.14,10983.3 1 0
make-backend/internal/gql/generated.go:10984.2,10987.12 4 0
make-backend/internal/gql/generated.go:10990.112,10991.14 1 0
make-backend/internal/gql/generated.go:10991.14,10993.3 1 0
make-backend/internal/gql/generated.go:10994.2,10995.44 2 0
make-backend/internal/gql/generated.go:10998.137,10999.14 1 0
make-backend/internal/gql/generated.go:10999.14,11001.3 1 0
make-backend/internal/gql/generated.go:11002.2,11005.12 4 0
make-backend/internal/gql/generated.go:11008.181,11009.14 1 0
make-backend/internal/gql/generated.go:11009.14,11011.3 1 0
make-backend/internal/gql/generated.go:11012.2,11012.32 1 0
make-backend/internal/gql/generated.go:11015.180,11016.14 1 0
make-backend/internal/gql/generated.go:11016.14,11018.3 1 0
make-backend/internal/gql/generated.go:11019.2,11021.44 3 0
make-backend/internal/gql/generated.go:11024.205,11025.14 1 0
make-backend/internal/gql/generated.go:11025.14,11027.3 1 0
make-backend/internal/gql/generated.go:11028.2,11031.12 4 0
make-backend/internal/gql/generated.go:11034.91,11035.14 1 0
make-backend/internal/gql/generated.go:11035.14,11037.3 1 0
make-backend/internal/gql/generated.go:11038.2,11039.44 2 0
make-backend/internal/gql/generated.go:11042.116,11043.14 1 0
make-backend/internal/gql/generated.go:11043.14,11045.3 1 0
make-backend/internal/gql/generated.go:11046.2,11049.12 4 0
make-backend/internal/gql/generated.go:11052.96,11053.14 1 0
make-backend/internal/gql/generated.go:11053.14,11055.3 1 0
make-backend/internal/gql/generated.go:11056.2,11057.44 2 0
make-backend/internal/gql/generated.go:11060.121,11061.14 1 0
make-backend/internal/gql/generated.go:11061.14,11063.3 1 0
make-backend/internal/gql/generated.go:11064.2,11067.12 4 0
make-backend/internal/gql/generated.go:11070.193,11071.14 1 0
make-backend/internal/gql/generated.go:11071.14,11073.3 1 0
make-backend/internal/gql/generated.go:11074.2,11074.36 1 0
make-backend/internal/gql/generated.go:11077.101,11078.14 1 0
make-backend/internal/gql/generated.go:11078.14,11080.3 1 0
make-backend/internal/gql/generated.go:11081.2,11082.44 2 0
make-backend/internal/gql/generated.go:11085.126,11086.14 1 0
make-backend/internal/gql/generated.go:11086.14,11088.3 1 0
make-backend/internal/gql/generated.go:11089.2,11092.12 4 0
make-backend/internal/gql/generated.go:11095.107,11096.14 1 0
make-backend/internal/gql/generated.go:11096.14,11098.3 1 0
make-backend/internal/gql/generated.go:11099.2,11100.44 2 0
make-backend/internal/gql/generated.go:11103.132,11104.14 1 0
make-backend/internal/gql/generated.go:11104.14,11106.3 1 0
make-backend/internal/gql/generated.go:11107.2,11110.12 4 0
make-backend/internal/gql/generated.go:11113.217,11114.14 1 0
make-backend/internal/gql/generated.go:11114.14,11116.3 1 0
make-backend/internal/gql/generated.go:11117.2,11117.116 1 0
make-backend/internal/gql/generated.go:11117.116,11121.3 3 0
make-backend/internal/gql/generated.go:11123.2,11123.24 1 0
make-backend/internal/gql/generated.go:11123.24,11124.24 1 0
make-backend/internal/gql/generated.go:11124.24,11126.4 1 0
make-backend/internal/gql/generated.go:11129.2,11129.12 1 0
make-backend/internal/gql/generated.go:11132.205,11133.14 1 0
make-backend/internal/gql/generated.go:11133.14,11135.3 1 0
make-backend/internal/gql/generated.go:11136.2,11136.116 1 0
make-backend/internal/gql/generated.go:11136.116,11140.3 3 0
make-backend/internal/gql/generated.go:11142.2,11142.24 1 0
make-backend/internal/gql/generated.go:11142.24,11143.24 1 0
make-backend/internal/gql/generated.go:11143.24,11145.4 1 0
make-backend/internal/gql/generated.go:11148.2,11148.12 1 0
make-backend/internal/gql/generated.go:11151.220,11152.14 1 0
make-backend/internal/gql/generated.go:11152.14,11154.3 1 0
make-backend/internal/gql/generated.go:11155.2,11155.116 1 0
make-backend/internal/gql/generated.go:11155.116,11159.3 3 0
make-backend/internal/gql/generated.go:11161.2,11161.24 1 0
make-backend/internal/gql/generated.go:11161.24,11162.24 1 0
make-backend/internal/gql/generated.go:11162.24,11164.4 1 0
make-backend/internal/gql/generated.go:11167.2,11167.12 1 0
make-backend/internal/gql/generated.go:11170.204,11171.14 1 0
make-backend/internal/gql/generated.go:11171.14,11173.3 1 0
make-backend/internal/gql/generated.go:11174.2,11174.34 1 0
make-backend/internal/gql/generated.go:11177.202,11178.14 1 0
make-backend/internal/gql/generated.go:11178.14,11180.3 1 0
make-backend/internal/gql/generated.go:11181.2,11181.116 1 0
make-backend/internal/gql/generated.go:11181.116,11185.3 3 0
make-backend/internal/gql/generated.go:11187.2,11187.24 1 0
make-backend/internal/gql/generated.go:11187.24,11188.24 1 0
make-backend/internal/gql/generated.go:11188.24,11190.4 1 0
make-backend/internal/gql/generated.go:11193.2,11193.12 1 0
make-backend/internal/gql/generated.go:11196.198,11197.14 1 0
make-backend/internal/gql/generated.go:11197.14,11199.3 1 0
make-backend/internal/gql/generated.go:11200.2,11200.32 1 0
make-backend/internal/gql/resolvers/device.resolvers.go:15.103,17.2 1 0
make-backend/internal/gql/resolvers/device.resolvers.go:20.85,22.16 2 0
make-backend/internal/gql/resolvers/device.resolvers.go:22.16,24.3 1 0
make-backend/internal/gql/resolvers/device.resolvers.go:25.2,25.17 1 0
make-backend/internal/gql/resolvers/device.resolvers.go:29.97,31.16 2 0
make-backend/internal/gql/resolvers/device.resolvers.go:31.16,33.3 1 0
make-backend/internal/gql/resolvers/device.resolvers.go:34.2,34.17 1 0
make-backend/internal/gql/resolvers/device.resolvers.go:38.66,38.104 1 0
make-backend/internal/gql/resolvers/group.resolvers.go:16.87,20.16 3 0
make-backend/internal/gql/resolvers/group.resolvers.go:20.16,22.3 1 0
make-backend/internal/gql/resolvers/group.resolvers.go:23.2,24.16 2 0
make-backend/internal/gql/resolvers/group.resolvers.go:24.16,26.3 1 0
make-backend/internal/gql/resolvers/group.resolvers.go:27.2,27.14 1 0
make-backend/internal/gql/resolvers/group.resolvers.go:27.14,29.3 1 0
make-backend/internal/gql/resolvers/group.resolvers.go:30.2,30.19 1 0
make-backend/internal/gql/resolvers/group.resolvers.go:34.111,37.16 3 0
make-backend/internal/gql/resolvers/group.resolvers.go:37.16,39.3 1 0
make-backend/internal/gql/resolvers/group.resolvers.go:40.2,40.14 1 0
make-backend/internal/gql/resolvers/group.resolvers.go:40.14,42.3 1 0
make-backend/internal/gql/resolvers/group.resolvers.go:44.2,45.47 2 0
make-backend/internal/gql/resolvers/group.resolvers.go:45.47,47.3 1 0
make-backend/internal/gql/resolvers/group.resolvers.go:48.2,48.47 1 0
make-backend/internal/gql/resolvers/group.resolvers.go:48.47,50.17 2 0
make-backend/internal/gql/resolvers/group.resolvers.go:50.17,52.4 1 0
make-backend/internal/gql/resolvers/group.resolvers.go:53.3,56.10 1 0
make-backend/internal/gql/resolvers/group.resolvers.go:58.2,59.59 2 0
make-backend/internal/gql/resolvers/group.resolvers.go:59.59,61.3 1 0
make-backend/internal/gql/resolvers/group.resolvers.go:62.2,63.33 2 0
make-backend/internal/gql/resolvers/group.resolvers.go:63.33,65.3 1 0
make-backend/internal/gql/resolvers/group.resolvers.go:66.2,66.22 1 0
make-backend/internal/gql/resolvers/group.resolvers.go:70.99,74.16 3 0
make-backend/internal/gql/resolvers/group.resolvers.go:74.16,76.3 1 0
make-backend/internal/gql/resolvers/group.resolvers.go:77.2,77.21 1 0
make-backend/internal/gql/resolvers/group.resolvers.go:77.21,79.3 1 0
make-backend/internal/gql/resolvers/group.resolvers.go:81.2,82.16 2 0
make-backend/internal/gql/resolvers/group.resolvers.go:86.107,90.16 3 0
make-backend/internal/gql/resolvers/group.resolvers.go:90.16,92.3 1 0
make-backend/internal/gql/resolvers/group.resolvers.go:93.2,93.21 1 0
make-backend/internal/gql/resolvers/group.resolvers.go:93.21,95.3 1 0
make-backend/internal/gql/resolvers/group.resolvers.go:97.2,98.16 2 0
make-backend/internal/gql/resolvers/group.resolvers.go:103.108,107.16 3 0
make-backend/internal/gql/resolvers/group.resolvers.go:107.16,109.3 1 0
make-backend/internal/gql/resolvers/group.resolvers.go:110.2,110.28 1 0
make-backend/internal/gql/resolvers/group.resolvers.go:110.28,112.3 1 0
make-backend/internal/gql/resolvers/group.resolvers.go:113.2,114.16 2 0
make-backend/internal/gql/resolvers/group.resolvers.go:114.16,116.3 1 0
make-backend/internal/gql/resolvers/group.resolvers.go:117.2,117.28 1 0
make-backend/internal/gql/resolvers/group.resolvers.go:117.28,119.3 1 0
make-backend/internal/gql/resolvers/group.resolvers.go:120.2,120.68 1 0
make-backend/internal/gql/resolvers/group.resolvers.go:124.107,128.16 3 0
make-backend/internal/gql/resolvers/group.resolvers.go:128.16,130.3 1 0
make-backend/internal/gql/resolvers/group.resolvers.go:131.2,131.21 1 0
make-backend/internal/gql/resolvers/group.resolvers.go:131.21,133.3 1 0
make-backend/internal/gql/resolvers/group.resolvers.go:134.2,134.67 1 0
make-backend/internal/gql/resolvers/makerspace.resolvers.go:15.105,17.16 2 0
make-backend/internal/gql/resolvers/makerspace.resolvers.go:17.16,19.3 1 0
make-backend/internal/gql/resolvers/makerspace.resolvers.go:21.2,21.19 1 0
make-backend/internal/gql/resolvers/makerspace.resolvers.go:25.115,27.16 2 0
make-backend/internal/gql/resolvers/makerspace.resolvers.go:27.16,29.3 1 0
make-backend/internal/gql/resolvers/makerspace.resolvers.go:31.2,32.34 2 0
make-backend/internal/gql/resolvers/makerspace.resolvers.go:32.34,34.3 1 0
make-backend/internal/gql/resolvers/makerspace.resolvers.go:36.2,36.19 1 0
make-backend/internal/gql/resolvers/makerspace.resolvers.go:40.105,42.16 2 0
make-backend/internal/gql/resolvers/makerspace.resolvers.go:42.16,44.3 1 0
make-backend/internal/gql/resolvers/makerspace.resolvers.go:46.2,46.16 1 0
make-backend/internal/gql/resolvers/makerspace.resolvers.go:50.88,52.16 2 0
make-backend/internal/gql/resolvers/makerspace.resolvers.go:52.16,54.3 1 0
make-backend/internal/gql/resolvers/makerspace.resolvers.go:56.2,56.21 1 0
make-backend/internal/gql/resolvers/makerspace.resolvers.go:60.93,62.16 2 0
make-backend/internal/gql/resolvers/makerspace.resolvers.go:62.16,64.3 1 0
make-backend/internal/gql/resolvers/makerspace.resolvers.go:66.2,66.24 1 0
make-backend/internal/gql/resolvers/makerspace.resolvers.go:70.56,70.89 1 0
make-backend/internal/gql/resolvers/makerspace.resolvers.go:73.52,73.83 1 0
make-backend/internal/gql/resolvers/makerspace.resolvers.go:76.46,76.74 1 0
make-backend/internal/gql/resolvers/training.resolvers.go:16.112,17.57 1 0
make-backend/internal/gql/resolvers/training.resolvers.go:21.110,23.2 1 0
make-backend/internal/gql/resolvers/training.resolvers.go:26.70,28.2 1 0
make-backend/internal/gql/resolvers/training.resolvers.go:31.52,31.83 1 0
make-backend/internal/gql/resolvers/user.resolvers.go:16.81,17.51 1 0
make-backend/internal/gql/resolvers/user.resolvers.go:21.80,26.2 3 0
make-backend/internal/gql/resolvers/zones.resolvers.go:15.81,17.16 2 0
make-backend/internal/gql/resolvers/zones.resolvers.go:17.16,19.3 1 0
make-backend/internal/gql/resolvers/zones.resolvers.go:21.2,21.18 1 0
make-backend/internal/gql/resolvers/zones.resolvers.go:25.108,26.81 1 0
